2018-11-16 21:56:38,726	INFO	Feeding for 2.0 seconds
2018-11-16 21:56:38,729	INFO	Starting Motor...
2018-11-16 21:56:38,731	INFO	Motor Started Successfully
2018-11-16 21:56:38,733	INFO	Starting PWM...
2018-11-16 21:56:38,736	INFO	PWM Started Successfully
2018-11-16 21:56:38,741	INFO	Feeding...
2018-11-16 21:56:40,746	INFO	Done Feeding
2018-11-16 21:56:40,748	INFO	Stopping PWM
2018-11-16 21:56:40,750	INFO	PWM Stopped
2018-11-16 21:56:40,752	INFO	Feed Completed Successfully
2018-11-16 21:56:40,754	INFO	Cleaning Up, clearing pins
2018-11-17 10:12:42,504	INFO	Feeding for 3.0 seconds
2018-11-17 10:12:42,506	INFO	Starting Motor...
2018-11-17 10:12:42,507	INFO	Motor Started Successfully
2018-11-17 10:12:42,509	INFO	Starting PWM...
2018-11-17 10:12:42,511	INFO	PWM Started Successfully
2018-11-17 10:12:42,513	INFO	Feeding...
2018-11-17 10:12:45,518	INFO	Done Feeding
2018-11-17 10:12:45,521	INFO	Stopping PWM
2018-11-17 10:12:45,523	INFO	PWM Stopped
2018-11-17 10:12:45,525	INFO	Feed Completed Successfully
2018-11-17 10:12:45,527	INFO	Cleaning Up, clearing pins
2018-11-18 14:01:36,944	INFO	Feeding for 2.0 seconds
2018-11-18 14:01:36,946	INFO	Starting Motor...
2018-11-18 14:01:36,948	INFO	Motor Started Successfully
2018-11-18 14:01:36,950	INFO	Starting PWM...
2018-11-18 14:01:36,952	INFO	PWM Started Successfully
2018-11-18 14:01:36,953	INFO	Feeding...
2018-11-18 14:01:38,957	INFO	Done Feeding
2018-11-18 14:01:38,959	INFO	Stopping PWM
2018-11-18 14:01:38,961	INFO	PWM Stopped
2018-11-18 14:01:38,962	INFO	Feed Completed Successfully
2018-11-18 14:01:38,964	INFO	Cleaning Up, clearing pins
2018-11-19 23:17:56,360	INFO	Feeding for 2.0 seconds
2018-11-19 23:17:56,363	INFO	Starting Motor...
2018-11-19 23:17:56,365	INFO	Motor Started Successfully
2018-11-19 23:17:56,367	INFO	Starting PWM...
2018-11-19 23:17:56,370	INFO	PWM Started Successfully
2018-11-19 23:17:56,372	INFO	Feeding...
2018-11-19 23:17:58,376	INFO	Done Feeding
2018-11-19 23:17:58,378	INFO	Stopping PWM
2018-11-19 23:17:58,379	INFO	PWM Stopped
2018-11-19 23:17:58,381	INFO	Feed Completed Successfully
2018-11-19 23:17:58,382	INFO	Cleaning Up, clearing pins
2018-11-20 08:37:14,232	INFO	Feeding for 2.0 seconds
2018-11-20 08:37:14,234	INFO	Starting Motor...
2018-11-20 08:37:14,235	INFO	Motor Started Successfully
2018-11-20 08:37:14,237	INFO	Starting PWM...
2018-11-20 08:37:14,239	INFO	PWM Started Successfully
2018-11-20 08:37:14,241	INFO	Feeding...
2018-11-20 08:37:16,245	INFO	Done Feeding
2018-11-20 08:37:16,247	INFO	Stopping PWM
2018-11-20 08:37:16,248	INFO	PWM Stopped
2018-11-20 08:37:16,250	INFO	Feed Completed Successfully
2018-11-20 08:37:16,252	INFO	Cleaning Up, clearing pins
2018-11-20 22:29:46,922	INFO	Feeding for 3.0 seconds
2018-11-20 22:29:46,924	INFO	Starting Motor...
2018-11-20 22:29:46,926	INFO	Motor Started Successfully
2018-11-20 22:29:46,927	INFO	Starting PWM...
2018-11-20 22:29:46,929	INFO	PWM Started Successfully
2018-11-20 22:29:46,931	INFO	Feeding...
2018-11-20 22:29:49,936	INFO	Done Feeding
2018-11-20 22:29:49,938	INFO	Stopping PWM
2018-11-20 22:29:49,941	INFO	PWM Stopped
2018-11-20 22:29:49,943	INFO	Feed Completed Successfully
2018-11-20 22:29:49,945	INFO	Cleaning Up, clearing pins
2018-11-21 09:40:58,549	INFO	Feeding for 3.0 seconds
2018-11-21 09:40:58,550	INFO	Starting Motor...
2018-11-21 09:40:58,552	INFO	Motor Started Successfully
2018-11-21 09:40:58,553	INFO	Starting PWM...
2018-11-21 09:40:58,555	INFO	PWM Started Successfully
2018-11-21 09:40:58,556	INFO	Feeding...
2018-11-21 09:41:01,558	INFO	Done Feeding
2018-11-21 09:41:01,560	INFO	Stopping PWM
2018-11-21 09:41:01,562	INFO	PWM Stopped
2018-11-21 09:41:01,563	INFO	Feed Completed Successfully
2018-11-21 09:41:01,565	INFO	Cleaning Up, clearing pins
2018-11-22 11:19:27,622	INFO	Feeding for 2.0 seconds
2018-11-22 11:19:27,625	INFO	Starting Motor...
2018-11-22 11:19:27,627	INFO	Motor Started Successfully
2018-11-22 11:19:27,628	INFO	Starting PWM...
2018-11-22 11:19:27,629	INFO	PWM Started Successfully
2018-11-22 11:19:27,631	INFO	Feeding...
2018-11-22 11:19:29,634	INFO	Done Feeding
2018-11-22 11:19:29,635	INFO	Stopping PWM
2018-11-22 11:19:29,636	INFO	PWM Stopped
2018-11-22 11:19:29,638	INFO	Feed Completed Successfully
2018-11-22 11:19:29,639	INFO	Cleaning Up, clearing pins
2018-11-24 23:32:04,872	INFO	Feeding for 2.0 seconds
2018-11-24 23:32:04,875	INFO	Starting Motor...
2018-11-24 23:32:04,877	INFO	Motor Started Successfully
2018-11-24 23:32:04,879	INFO	Starting PWM...
2018-11-24 23:32:04,881	INFO	PWM Started Successfully
2018-11-24 23:32:04,884	INFO	Feeding...
2018-11-24 23:32:06,888	INFO	Done Feeding
2018-11-24 23:32:06,890	INFO	Stopping PWM
2018-11-24 23:32:06,892	INFO	PWM Stopped
2018-11-24 23:32:06,895	INFO	Feed Completed Successfully
2018-11-24 23:32:06,897	INFO	Cleaning Up, clearing pins
2018-11-24 23:32:33,861	INFO	Feeding for 3.0 seconds
2018-11-24 23:32:33,863	INFO	Starting Motor...
2018-11-24 23:32:33,865	INFO	Motor Started Successfully
2018-11-24 23:32:33,867	INFO	Starting PWM...
2018-11-24 23:32:33,870	INFO	PWM Started Successfully
2018-11-24 23:32:33,872	INFO	Feeding...
2018-11-24 23:32:36,877	INFO	Done Feeding
2018-11-24 23:32:36,879	INFO	Stopping PWM
2018-11-24 23:32:36,881	INFO	PWM Stopped
2018-11-24 23:32:36,883	INFO	Feed Completed Successfully
2018-11-24 23:32:36,885	INFO	Cleaning Up, clearing pins
2018-11-28 20:41:33,307	INFO	Feeding for 4.0 seconds
2018-11-28 20:41:33,309	INFO	Starting Motor...
2018-11-28 20:41:33,311	INFO	Motor Started Successfully
2018-11-28 20:41:33,312	INFO	Starting PWM...
2018-11-28 20:41:33,315	INFO	PWM Started Successfully
2018-11-28 20:41:33,316	INFO	Feeding...
2018-11-28 20:41:37,322	INFO	Done Feeding
2018-11-28 20:41:37,324	INFO	Stopping PWM
2018-11-28 20:41:37,326	INFO	PWM Stopped
2018-11-28 20:41:37,327	INFO	Feed Completed Successfully
2018-11-28 20:41:37,329	INFO	Cleaning Up, clearing pins
2018-11-29 22:32:16,217	INFO	Feeding for 2.0 seconds
2018-11-29 22:32:16,219	INFO	Starting Motor...
2018-11-29 22:32:16,221	INFO	Motor Started Successfully
2018-11-29 22:32:16,223	INFO	Starting PWM...
2018-11-29 22:32:16,225	INFO	PWM Started Successfully
2018-11-29 22:32:16,227	INFO	Feeding...
2018-11-29 22:32:18,231	INFO	Done Feeding
2018-11-29 22:32:18,232	INFO	Stopping PWM
2018-11-29 22:32:18,234	INFO	PWM Stopped
2018-11-29 22:32:18,236	INFO	Feed Completed Successfully
2018-11-29 22:32:18,238	INFO	Cleaning Up, clearing pins
2018-12-01 13:37:25,953	INFO	Feeding for 1.0 seconds
2018-12-01 13:37:25,955	INFO	Starting Motor...
2018-12-01 13:37:25,958	INFO	Motor Started Successfully
2018-12-01 13:37:25,960	INFO	Starting PWM...
2018-12-01 13:37:25,962	INFO	PWM Started Successfully
2018-12-01 13:37:25,964	INFO	Feeding...
2018-12-01 13:37:26,967	INFO	Done Feeding
2018-12-01 13:37:26,968	INFO	Stopping PWM
2018-12-01 13:37:26,969	INFO	PWM Stopped
2018-12-01 13:37:26,970	INFO	Feed Completed Successfully
2018-12-01 13:37:26,972	INFO	Cleaning Up, clearing pins
2018-12-02 21:32:30,719	INFO	Feeding for 1.0 seconds
2018-12-02 21:32:30,721	INFO	Starting Motor...
2018-12-02 21:32:30,722	INFO	Motor Started Successfully
2018-12-02 21:32:30,724	INFO	Starting PWM...
2018-12-02 21:32:30,726	INFO	PWM Started Successfully
2018-12-02 21:32:30,727	INFO	Feeding...
2018-12-02 21:32:31,730	INFO	Done Feeding
2018-12-02 21:32:31,731	INFO	Stopping PWM
2018-12-02 21:32:31,733	INFO	PWM Stopped
2018-12-02 21:32:31,735	INFO	Feed Completed Successfully
2018-12-02 21:32:31,737	INFO	Cleaning Up, clearing pins
2018-12-02 21:32:48,651	INFO	Feeding for 1.0 seconds
2018-12-02 21:32:48,653	INFO	Starting Motor...
2018-12-02 21:32:48,655	INFO	Motor Started Successfully
2018-12-02 21:32:48,656	INFO	Starting PWM...
2018-12-02 21:32:48,658	INFO	PWM Started Successfully
2018-12-02 21:32:48,660	INFO	Feeding...
2018-12-02 21:32:49,663	INFO	Done Feeding
2018-12-02 21:32:49,664	INFO	Stopping PWM
2018-12-02 21:32:49,666	INFO	PWM Stopped
2018-12-02 21:32:49,667	INFO	Feed Completed Successfully
2018-12-02 21:32:49,668	INFO	Cleaning Up, clearing pins
2018-12-02 21:32:59,647	INFO	Feeding for 1.0 seconds
2018-12-02 21:32:59,649	INFO	Starting Motor...
2018-12-02 21:32:59,651	INFO	Motor Started Successfully
2018-12-02 21:32:59,653	INFO	Starting PWM...
2018-12-02 21:32:59,656	INFO	PWM Started Successfully
2018-12-02 21:32:59,658	INFO	Feeding...
2018-12-02 21:33:00,661	INFO	Done Feeding
2018-12-02 21:33:00,663	INFO	Stopping PWM
2018-12-02 21:33:00,665	INFO	PWM Stopped
2018-12-02 21:33:00,666	INFO	Feed Completed Successfully
2018-12-02 21:33:00,668	INFO	Cleaning Up, clearing pins
2018-12-03 22:26:22,216	INFO	Feeding for 2.0 seconds
2018-12-03 22:26:22,217	INFO	Starting Motor...
2018-12-03 22:26:22,219	INFO	Motor Started Successfully
2018-12-03 22:26:22,221	INFO	Starting PWM...
2018-12-03 22:26:22,223	INFO	PWM Started Successfully
2018-12-03 22:26:22,225	INFO	Feeding...
2018-12-03 22:26:24,229	INFO	Done Feeding
2018-12-03 22:26:24,230	INFO	Stopping PWM
2018-12-03 22:26:24,232	INFO	PWM Stopped
2018-12-03 22:26:24,234	INFO	Feed Completed Successfully
2018-12-03 22:26:24,236	INFO	Cleaning Up, clearing pins
2018-12-03 22:26:35,292	INFO	Feeding for 2.0 seconds
2018-12-03 22:26:35,294	INFO	Starting Motor...
2018-12-03 22:26:35,296	INFO	Motor Started Successfully
2018-12-03 22:26:35,298	INFO	Starting PWM...
2018-12-03 22:26:35,301	INFO	PWM Started Successfully
2018-12-03 22:26:35,303	INFO	Feeding...
2018-12-03 22:26:37,307	INFO	Done Feeding
2018-12-03 22:26:37,309	INFO	Stopping PWM
2018-12-03 22:26:37,310	INFO	PWM Stopped
2018-12-03 22:26:37,311	INFO	Feed Completed Successfully
2018-12-03 22:26:37,314	INFO	Cleaning Up, clearing pins
2018-12-04 22:15:17,635	INFO	Feeding for 1.0 seconds
2018-12-04 22:15:17,637	INFO	Starting Motor...
2018-12-04 22:15:17,639	INFO	Motor Started Successfully
2018-12-04 22:15:17,641	INFO	Starting PWM...
2018-12-04 22:15:17,643	INFO	PWM Started Successfully
2018-12-04 22:15:17,645	INFO	Feeding...
2018-12-04 22:15:18,648	INFO	Done Feeding
2018-12-04 22:15:18,650	INFO	Stopping PWM
2018-12-04 22:15:18,652	INFO	PWM Stopped
2018-12-04 22:15:18,655	INFO	Feed Completed Successfully
2018-12-04 22:15:18,657	INFO	Cleaning Up, clearing pins
2018-12-07 20:29:02,896	INFO	Feeding for 1.0 seconds
2018-12-07 20:29:02,898	INFO	Starting Motor...
2018-12-07 20:29:02,900	INFO	Motor Started Successfully
2018-12-07 20:29:02,902	INFO	Starting PWM...
2018-12-07 20:29:02,904	INFO	PWM Started Successfully
2018-12-07 20:29:02,906	INFO	Feeding...
2018-12-07 20:29:03,909	INFO	Done Feeding
2018-12-07 20:29:03,911	INFO	Stopping PWM
2018-12-07 20:29:03,913	INFO	PWM Stopped
2018-12-07 20:29:03,915	INFO	Feed Completed Successfully
2018-12-07 20:29:03,918	INFO	Cleaning Up, clearing pins
2018-12-07 20:29:17,574	INFO	Feeding for 1.0 seconds
2018-12-07 20:29:17,575	INFO	Starting Motor...
2018-12-07 20:29:17,577	INFO	Motor Started Successfully
2018-12-07 20:29:17,578	INFO	Starting PWM...
2018-12-07 20:29:17,580	INFO	PWM Started Successfully
2018-12-07 20:29:17,581	INFO	Feeding...
2018-12-07 20:29:18,584	INFO	Done Feeding
2018-12-07 20:29:18,585	INFO	Stopping PWM
2018-12-07 20:29:18,586	INFO	PWM Stopped
2018-12-07 20:29:18,587	INFO	Feed Completed Successfully
2018-12-07 20:29:18,589	INFO	Cleaning Up, clearing pins
2018-12-07 20:29:34,486	INFO	Feeding for 1.0 seconds
2018-12-07 20:29:34,488	INFO	Starting Motor...
2018-12-07 20:29:34,490	INFO	Motor Started Successfully
2018-12-07 20:29:34,493	INFO	Starting PWM...
2018-12-07 20:29:34,495	INFO	PWM Started Successfully
2018-12-07 20:29:34,497	INFO	Feeding...
2018-12-07 20:29:35,500	INFO	Done Feeding
2018-12-07 20:29:35,502	INFO	Stopping PWM
2018-12-07 20:29:35,504	INFO	PWM Stopped
2018-12-07 20:29:35,506	INFO	Feed Completed Successfully
2018-12-07 20:29:35,507	INFO	Cleaning Up, clearing pins
2018-12-09 00:54:05,421	INFO	Feeding for 4.0 seconds
2018-12-09 00:54:05,424	INFO	Starting Motor...
2018-12-09 00:54:05,426	INFO	Motor Started Successfully
2018-12-09 00:54:05,428	INFO	Starting PWM...
2018-12-09 00:54:05,431	INFO	PWM Started Successfully
2018-12-09 00:54:05,433	INFO	Feeding...
2018-12-09 00:54:09,439	INFO	Done Feeding
2018-12-09 00:54:09,441	INFO	Stopping PWM
2018-12-09 00:54:09,444	INFO	PWM Stopped
2018-12-09 00:54:09,446	INFO	Feed Completed Successfully
2018-12-09 00:54:09,448	INFO	Cleaning Up, clearing pins
2018-12-11 21:31:59,441	INFO	Feeding for 4.0 seconds
2018-12-11 21:31:59,444	INFO	Starting Motor...
2018-12-11 21:31:59,446	INFO	Motor Started Successfully
2018-12-11 21:31:59,447	INFO	Starting PWM...
2018-12-11 21:31:59,450	INFO	PWM Started Successfully
2018-12-11 21:31:59,451	INFO	Feeding...
2018-12-11 21:32:03,457	INFO	Done Feeding
2018-12-11 21:32:03,458	INFO	Stopping PWM
2018-12-11 21:32:03,460	INFO	PWM Stopped
2018-12-11 21:32:03,461	INFO	Feed Completed Successfully
2018-12-11 21:32:03,463	INFO	Cleaning Up, clearing pins
2018-12-14 07:14:34,877	INFO	Feeding for 1.0 seconds
2018-12-14 07:14:34,879	INFO	Starting Motor...
2018-12-14 07:14:34,881	INFO	Motor Started Successfully
2018-12-14 07:14:34,883	INFO	Starting PWM...
2018-12-14 07:14:34,885	INFO	PWM Started Successfully
2018-12-14 07:14:34,886	INFO	Feeding...
2018-12-14 07:14:35,889	INFO	Done Feeding
2018-12-14 07:14:35,891	INFO	Stopping PWM
2018-12-14 07:14:35,894	INFO	PWM Stopped
2018-12-14 07:14:35,896	INFO	Feed Completed Successfully
2018-12-14 07:14:35,898	INFO	Cleaning Up, clearing pins
2018-12-20 07:26:40,935	INFO	Feeding for 2.0 seconds
2018-12-20 07:26:40,937	INFO	Starting Motor...
2018-12-20 07:26:40,938	INFO	Motor Started Successfully
2018-12-20 07:26:40,939	INFO	Starting PWM...
2018-12-20 07:26:40,941	INFO	PWM Started Successfully
2018-12-20 07:26:40,943	INFO	Feeding...
2018-12-20 07:26:42,946	INFO	Done Feeding
2018-12-20 07:26:42,948	INFO	Stopping PWM
2018-12-20 07:26:42,949	INFO	PWM Stopped
2018-12-20 07:26:42,950	INFO	Feed Completed Successfully
2018-12-20 07:26:42,952	INFO	Cleaning Up, clearing pins
2018-12-21 20:11:58,016	INFO	Feeding for 8.0 seconds
2018-12-21 20:11:58,019	INFO	Starting Motor...
2018-12-21 20:11:58,021	INFO	Motor Started Successfully
2018-12-21 20:11:58,023	INFO	Starting PWM...
2018-12-21 20:11:58,026	INFO	PWM Started Successfully
2018-12-21 20:11:58,028	INFO	Feeding...
2018-12-21 20:12:06,038	INFO	Done Feeding
2018-12-21 20:12:06,040	INFO	Stopping PWM
2018-12-21 20:12:06,042	INFO	PWM Stopped
2018-12-21 20:12:06,045	INFO	Feed Completed Successfully
2018-12-21 20:12:06,047	INFO	Cleaning Up, clearing pins
2018-12-24 21:36:47,878	INFO	Feeding for 4.0 seconds
2018-12-24 21:36:47,880	INFO	Starting Motor...
2018-12-24 21:36:47,882	INFO	Motor Started Successfully
2018-12-24 21:36:47,884	INFO	Starting PWM...
2018-12-24 21:36:47,886	INFO	PWM Started Successfully
2018-12-24 21:36:47,888	INFO	Feeding...
2018-12-24 21:36:51,893	INFO	Done Feeding
2018-12-24 21:36:51,895	INFO	Stopping PWM
2018-12-24 21:36:51,897	INFO	PWM Stopped
2018-12-24 21:36:51,899	INFO	Feed Completed Successfully
2018-12-24 21:36:51,900	INFO	Cleaning Up, clearing pins
2018-12-27 21:50:01,016	INFO	Feeding for 2.0 seconds
2018-12-27 21:50:01,018	INFO	Starting Motor...
2018-12-27 21:50:01,020	INFO	Motor Started Successfully
2018-12-27 21:50:01,022	INFO	Starting PWM...
2018-12-27 21:50:01,024	INFO	PWM Started Successfully
2018-12-27 21:50:01,026	INFO	Feeding...
2018-12-27 21:50:03,029	INFO	Done Feeding
2018-12-27 21:50:03,031	INFO	Stopping PWM
2018-12-27 21:50:03,032	INFO	PWM Stopped
2018-12-27 21:50:03,034	INFO	Feed Completed Successfully
2018-12-27 21:50:03,035	INFO	Cleaning Up, clearing pins
2018-12-27 21:50:23,294	INFO	Feeding for 1.0 seconds
2018-12-27 21:50:23,296	INFO	Starting Motor...
2018-12-27 21:50:23,298	INFO	Motor Started Successfully
2018-12-27 21:50:23,300	INFO	Starting PWM...
2018-12-27 21:50:23,303	INFO	PWM Started Successfully
2018-12-27 21:50:23,305	INFO	Feeding...
2018-12-27 21:50:24,309	INFO	Done Feeding
2018-12-27 21:50:24,310	INFO	Stopping PWM
2018-12-27 21:50:24,311	INFO	PWM Stopped
2018-12-27 21:50:24,312	INFO	Feed Completed Successfully
2018-12-27 21:50:24,314	INFO	Cleaning Up, clearing pins
2018-12-29 08:51:40,259	INFO	Feeding for 2.0 seconds
2018-12-29 08:51:40,261	INFO	Starting Motor...
2018-12-29 08:51:40,263	INFO	Motor Started Successfully
2018-12-29 08:51:40,265	INFO	Starting PWM...
2018-12-29 08:51:40,267	INFO	PWM Started Successfully
2018-12-29 08:51:40,269	INFO	Feeding...
2018-12-29 08:51:42,273	INFO	Done Feeding
2018-12-29 08:51:42,275	INFO	Stopping PWM
2018-12-29 08:51:42,276	INFO	PWM Stopped
2018-12-29 08:51:42,278	INFO	Feed Completed Successfully
2018-12-29 08:51:42,280	INFO	Cleaning Up, clearing pins
2018-12-30 09:52:04,232	INFO	Feeding for 2.0 seconds
2018-12-30 09:52:04,234	INFO	Starting Motor...
2018-12-30 09:52:04,236	INFO	Motor Started Successfully
2018-12-30 09:52:04,238	INFO	Starting PWM...
2018-12-30 09:52:04,241	INFO	PWM Started Successfully
2018-12-30 09:52:04,243	INFO	Feeding...
2018-12-30 09:52:06,247	INFO	Done Feeding
2018-12-30 09:52:06,250	INFO	Stopping PWM
2018-12-30 09:52:06,252	INFO	PWM Stopped
2018-12-30 09:52:06,254	INFO	Feed Completed Successfully
2018-12-30 09:52:06,257	INFO	Cleaning Up, clearing pins
2018-12-30 22:47:04,323	INFO	Feeding for 4.0 seconds
2018-12-30 22:47:04,324	INFO	Starting Motor...
2018-12-30 22:47:04,326	INFO	Motor Started Successfully
2018-12-30 22:47:04,327	INFO	Starting PWM...
2018-12-30 22:47:04,329	INFO	PWM Started Successfully
2018-12-30 22:47:04,330	INFO	Feeding...
2018-12-30 22:47:08,336	INFO	Done Feeding
2018-12-30 22:47:08,337	INFO	Stopping PWM
2018-12-30 22:47:08,338	INFO	PWM Stopped
2018-12-30 22:47:08,340	INFO	Feed Completed Successfully
2018-12-30 22:47:08,341	INFO	Cleaning Up, clearing pins
2019-01-01 20:59:17,730	INFO	Feeding for 4.0 seconds
2019-01-01 20:59:17,732	INFO	Starting Motor...
2019-01-01 20:59:17,734	INFO	Motor Started Successfully
2019-01-01 20:59:17,736	INFO	Starting PWM...
2019-01-01 20:59:17,738	INFO	PWM Started Successfully
2019-01-01 20:59:17,740	INFO	Feeding...
2019-01-01 20:59:21,745	INFO	Done Feeding
2019-01-01 20:59:21,747	INFO	Stopping PWM
2019-01-01 20:59:21,749	INFO	PWM Stopped
2019-01-01 20:59:21,750	INFO	Feed Completed Successfully
2019-01-01 20:59:21,752	INFO	Cleaning Up, clearing pins
2019-01-06 09:52:27,908	INFO	Feeding for 4.0 seconds
2019-01-06 09:52:27,910	INFO	Starting Motor...
2019-01-06 09:52:27,913	INFO	Motor Started Successfully
2019-01-06 09:52:27,915	INFO	Starting PWM...
2019-01-06 09:52:27,917	INFO	PWM Started Successfully
2019-01-06 09:52:27,919	INFO	Feeding...
2019-01-06 09:52:31,926	INFO	Done Feeding
2019-01-06 09:52:31,928	INFO	Stopping PWM
2019-01-06 09:52:31,930	INFO	PWM Stopped
2019-01-06 09:52:31,932	INFO	Feed Completed Successfully
2019-01-06 09:52:31,935	INFO	Cleaning Up, clearing pins
2019-01-07 07:19:40,706	INFO	Feeding for 2.0 seconds
2019-01-07 07:19:40,708	INFO	Starting Motor...
2019-01-07 07:19:40,710	INFO	Motor Started Successfully
2019-01-07 07:19:40,712	INFO	Starting PWM...
2019-01-07 07:19:40,714	INFO	PWM Started Successfully
2019-01-07 07:19:40,716	INFO	Feeding...
2019-01-07 07:19:42,720	INFO	Done Feeding
2019-01-07 07:19:42,721	INFO	Stopping PWM
2019-01-07 07:19:42,723	INFO	PWM Stopped
2019-01-07 07:19:42,725	INFO	Feed Completed Successfully
2019-01-07 07:19:42,727	INFO	Cleaning Up, clearing pins
2019-01-07 07:19:50,646	INFO	Feeding for 2.0 seconds
2019-01-07 07:19:50,648	INFO	Starting Motor...
2019-01-07 07:19:50,650	INFO	Motor Started Successfully
2019-01-07 07:19:50,651	INFO	Starting PWM...
2019-01-07 07:19:50,654	INFO	PWM Started Successfully
2019-01-07 07:19:50,655	INFO	Feeding...
2019-01-07 07:19:52,658	INFO	Done Feeding
2019-01-07 07:19:52,660	INFO	Stopping PWM
2019-01-07 07:19:52,661	INFO	PWM Stopped
2019-01-07 07:19:52,662	INFO	Feed Completed Successfully
2019-01-07 07:19:52,664	INFO	Cleaning Up, clearing pins
2019-01-07 07:20:06,583	INFO	Feeding for 1.0 seconds
2019-01-07 07:20:06,585	INFO	Starting Motor...
2019-01-07 07:20:06,587	INFO	Motor Started Successfully
2019-01-07 07:20:06,589	INFO	Starting PWM...
2019-01-07 07:20:06,592	INFO	PWM Started Successfully
2019-01-07 07:20:06,594	INFO	Feeding...
2019-01-07 07:20:07,597	INFO	Done Feeding
2019-01-07 07:20:07,599	INFO	Stopping PWM
2019-01-07 07:20:07,601	INFO	PWM Stopped
2019-01-07 07:20:07,602	INFO	Feed Completed Successfully
2019-01-07 07:20:07,604	INFO	Cleaning Up, clearing pins
2019-01-07 22:24:35,579	INFO	Feeding for 4.0 seconds
2019-01-07 22:24:35,581	INFO	Starting Motor...
2019-01-07 22:24:35,583	INFO	Motor Started Successfully
2019-01-07 22:24:35,584	INFO	Starting PWM...
2019-01-07 22:24:35,586	INFO	PWM Started Successfully
2019-01-07 22:24:35,588	INFO	Feeding...
2019-01-07 22:24:39,594	INFO	Done Feeding
2019-01-07 22:24:39,595	INFO	Stopping PWM
2019-01-07 22:24:39,596	INFO	PWM Stopped
2019-01-07 22:24:39,597	INFO	Feed Completed Successfully
2019-01-07 22:24:39,599	INFO	Cleaning Up, clearing pins
2019-01-09 07:22:33,404	INFO	Feeding for 3.0 seconds
2019-01-09 07:22:33,406	INFO	Starting Motor...
2019-01-09 07:22:33,407	INFO	Motor Started Successfully
2019-01-09 07:22:33,408	INFO	Starting PWM...
2019-01-09 07:22:33,410	INFO	PWM Started Successfully
2019-01-09 07:22:33,412	INFO	Feeding...
2019-01-09 07:22:36,416	INFO	Done Feeding
2019-01-09 07:22:36,417	INFO	Stopping PWM
2019-01-09 07:22:36,419	INFO	PWM Stopped
2019-01-09 07:22:36,420	INFO	Feed Completed Successfully
2019-01-09 07:22:36,421	INFO	Cleaning Up, clearing pins
2019-01-13 10:24:48,444	INFO	Feeding for 2.0 seconds
2019-01-13 10:24:48,446	INFO	Starting Motor...
2019-01-13 10:24:48,448	INFO	Motor Started Successfully
2019-01-13 10:24:48,450	INFO	Starting PWM...
2019-01-13 10:24:48,452	INFO	PWM Started Successfully
2019-01-13 10:24:48,454	INFO	Feeding...
2019-01-13 10:24:50,457	INFO	Done Feeding
2019-01-13 10:24:50,459	INFO	Stopping PWM
2019-01-13 10:24:50,461	INFO	PWM Stopped
2019-01-13 10:24:50,464	INFO	Feed Completed Successfully
2019-01-13 10:24:50,466	INFO	Cleaning Up, clearing pins
2019-01-13 20:05:07,570	INFO	Feeding for 4.0 seconds
2019-01-13 20:05:07,574	INFO	Starting Motor...
2019-01-13 20:05:07,576	INFO	Motor Started Successfully
2019-01-13 20:05:07,578	INFO	Starting PWM...
2019-01-13 20:05:07,580	INFO	PWM Started Successfully
2019-01-13 20:05:07,586	INFO	Feeding...
2019-01-13 20:05:11,591	INFO	Done Feeding
2019-01-13 20:05:11,593	INFO	Stopping PWM
2019-01-13 20:05:11,594	INFO	PWM Stopped
2019-01-13 20:05:11,595	INFO	Feed Completed Successfully
2019-01-13 20:05:11,596	INFO	Cleaning Up, clearing pins
2019-01-19 10:02:08,044	INFO	Feeding for 4.0 seconds
2019-01-19 10:02:08,046	INFO	Starting Motor...
2019-01-19 10:02:08,048	INFO	Motor Started Successfully
2019-01-19 10:02:08,050	INFO	Starting PWM...
2019-01-19 10:02:08,053	INFO	PWM Started Successfully
2019-01-19 10:02:08,055	INFO	Feeding...
2019-01-19 10:02:12,060	INFO	Done Feeding
2019-01-19 10:02:12,062	INFO	Stopping PWM
2019-01-19 10:02:12,064	INFO	PWM Stopped
2019-01-19 10:02:12,066	INFO	Feed Completed Successfully
2019-01-19 10:02:12,067	INFO	Cleaning Up, clearing pins
2019-01-20 09:20:51,411	INFO	Feeding for 1.0 seconds
2019-01-20 09:20:51,413	INFO	Starting Motor...
2019-01-20 09:20:51,415	INFO	Motor Started Successfully
2019-01-20 09:20:51,416	INFO	Starting PWM...
2019-01-20 09:20:51,419	INFO	PWM Started Successfully
2019-01-20 09:20:51,421	INFO	Feeding...
2019-01-20 09:20:52,423	INFO	Done Feeding
2019-01-20 09:20:52,425	INFO	Stopping PWM
2019-01-20 09:20:52,426	INFO	PWM Stopped
2019-01-20 09:20:52,427	INFO	Feed Completed Successfully
2019-01-20 09:20:52,429	INFO	Cleaning Up, clearing pins
2019-01-20 16:09:33,090	INFO	Feeding for 1.0 seconds
2019-01-20 16:09:33,092	INFO	Starting Motor...
2019-01-20 16:09:33,094	INFO	Motor Started Successfully
2019-01-20 16:09:33,096	INFO	Starting PWM...
2019-01-20 16:09:33,098	INFO	PWM Started Successfully
2019-01-20 16:09:33,100	INFO	Feeding...
2019-01-20 16:09:34,103	INFO	Done Feeding
2019-01-20 16:09:34,104	INFO	Stopping PWM
2019-01-20 16:09:34,105	INFO	PWM Stopped
2019-01-20 16:09:34,107	INFO	Feed Completed Successfully
2019-01-20 16:09:34,108	INFO	Cleaning Up, clearing pins
2019-01-20 16:09:35,191	INFO	Feeding for 1.0 seconds
2019-01-20 16:09:35,193	INFO	Starting Motor...
2019-01-20 16:09:35,194	INFO	Motor Started Successfully
2019-01-20 16:09:35,195	INFO	Starting PWM...
2019-01-20 16:09:35,197	INFO	PWM Started Successfully
2019-01-20 16:09:35,198	INFO	Feeding...
2019-01-20 16:09:36,200	INFO	Done Feeding
2019-01-20 16:09:36,202	INFO	Stopping PWM
2019-01-20 16:09:36,203	INFO	PWM Stopped
2019-01-20 16:09:36,205	INFO	Feed Completed Successfully
2019-01-20 16:09:36,206	INFO	Cleaning Up, clearing pins
2019-01-20 16:10:07,151	INFO	Feeding for 1.0 seconds
2019-01-20 16:10:07,153	INFO	Starting Motor...
2019-01-20 16:10:07,156	INFO	Motor Started Successfully
2019-01-20 16:10:07,158	INFO	Starting PWM...
2019-01-20 16:10:07,161	INFO	PWM Started Successfully
2019-01-20 16:10:07,163	INFO	Feeding...
2019-01-20 16:10:08,166	INFO	Done Feeding
2019-01-20 16:10:08,174	INFO	Stopping PWM
2019-01-20 16:10:08,176	INFO	PWM Stopped
2019-01-20 16:10:08,178	INFO	Feed Completed Successfully
2019-01-20 16:10:08,179	INFO	Cleaning Up, clearing pins
2019-01-20 16:10:38,104	INFO	Feeding for 1.0 seconds
2019-01-20 16:10:38,106	INFO	Starting Motor...
2019-01-20 16:10:38,108	INFO	Motor Started Successfully
2019-01-20 16:10:38,110	INFO	Starting PWM...
2019-01-20 16:10:38,113	INFO	PWM Started Successfully
2019-01-20 16:10:38,115	INFO	Feeding...
2019-01-20 16:10:39,118	INFO	Done Feeding
2019-01-20 16:10:39,119	INFO	Stopping PWM
2019-01-20 16:10:39,121	INFO	PWM Stopped
2019-01-20 16:10:39,122	INFO	Feed Completed Successfully
2019-01-20 16:10:39,124	INFO	Cleaning Up, clearing pins
2019-01-21 18:59:17,905	INFO	Feeding for 1.0 seconds
2019-01-21 18:59:17,908	INFO	Starting Motor...
2019-01-21 18:59:17,910	INFO	Motor Started Successfully
2019-01-21 18:59:17,912	INFO	Starting PWM...
2019-01-21 18:59:17,914	INFO	PWM Started Successfully
2019-01-21 18:59:17,915	INFO	Feeding...
2019-01-21 18:59:18,918	INFO	Done Feeding
2019-01-21 18:59:18,919	INFO	Stopping PWM
2019-01-21 18:59:18,920	INFO	PWM Stopped
2019-01-21 18:59:18,921	INFO	Feed Completed Successfully
2019-01-21 18:59:18,923	INFO	Cleaning Up, clearing pins
2019-01-21 21:30:00,124	INFO	Feeding for 4.0 seconds
2019-01-21 21:30:00,126	INFO	Starting Motor...
2019-01-21 21:30:00,128	INFO	Motor Started Successfully
2019-01-21 21:30:00,129	INFO	Starting PWM...
2019-01-21 21:30:00,132	INFO	PWM Started Successfully
2019-01-21 21:30:00,133	INFO	Feeding...
2019-01-21 21:30:04,139	INFO	Done Feeding
2019-01-21 21:30:04,141	INFO	Stopping PWM
2019-01-21 21:30:04,142	INFO	PWM Stopped
2019-01-21 21:30:04,143	INFO	Feed Completed Successfully
2019-01-21 21:30:04,144	INFO	Cleaning Up, clearing pins
2019-01-22 21:10:46,043	INFO	Feeding for 4.0 seconds
2019-01-22 21:10:46,045	INFO	Starting Motor...
2019-01-22 21:10:46,047	INFO	Motor Started Successfully
2019-01-22 21:10:46,048	INFO	Starting PWM...
2019-01-22 21:10:46,051	INFO	PWM Started Successfully
2019-01-22 21:10:46,053	INFO	Feeding...
2019-01-22 21:10:50,059	INFO	Done Feeding
2019-01-22 21:10:50,061	INFO	Stopping PWM
2019-01-22 21:10:50,063	INFO	PWM Stopped
2019-01-22 21:10:50,065	INFO	Feed Completed Successfully
2019-01-22 21:10:50,066	INFO	Cleaning Up, clearing pins
2019-01-24 21:18:22,879	INFO	Feeding for 4.0 seconds
2019-01-24 21:18:22,884	INFO	Starting Motor...
2019-01-24 21:18:22,886	INFO	Motor Started Successfully
2019-01-24 21:18:22,887	INFO	Starting PWM...
2019-01-24 21:18:22,890	INFO	PWM Started Successfully
2019-01-24 21:18:22,894	INFO	Feeding...
2019-01-24 21:18:26,900	INFO	Done Feeding
2019-01-24 21:18:26,902	INFO	Stopping PWM
2019-01-24 21:18:26,904	INFO	PWM Stopped
2019-01-24 21:18:26,906	INFO	Feed Completed Successfully
2019-01-24 21:18:26,907	INFO	Cleaning Up, clearing pins
2019-01-24 21:18:57,797	INFO	Feeding for 3.0 seconds
2019-01-24 21:18:57,799	INFO	Starting Motor...
2019-01-24 21:18:57,801	INFO	Motor Started Successfully
2019-01-24 21:18:57,802	INFO	Starting PWM...
2019-01-24 21:18:57,805	INFO	PWM Started Successfully
2019-01-24 21:18:57,807	INFO	Feeding...
2019-01-24 21:19:00,812	INFO	Done Feeding
2019-01-24 21:19:00,814	INFO	Stopping PWM
2019-01-24 21:19:00,816	INFO	PWM Stopped
2019-01-24 21:19:00,818	INFO	Feed Completed Successfully
2019-01-24 21:19:00,821	INFO	Cleaning Up, clearing pins
2019-01-25 21:54:28,972	INFO	Feeding for 3.0 seconds
2019-01-25 21:54:28,974	INFO	Starting Motor...
2019-01-25 21:54:28,976	INFO	Motor Started Successfully
2019-01-25 21:54:28,978	INFO	Starting PWM...
2019-01-25 21:54:28,982	INFO	PWM Started Successfully
2019-01-25 21:54:28,984	INFO	Feeding...
2019-01-25 21:54:31,990	INFO	Done Feeding
2019-01-25 21:54:31,992	INFO	Stopping PWM
2019-01-25 21:54:31,993	INFO	PWM Stopped
2019-01-25 21:54:31,995	INFO	Feed Completed Successfully
2019-01-25 21:54:31,997	INFO	Cleaning Up, clearing pins
2019-01-27 09:45:24,072	INFO	Feeding for 4.0 seconds
2019-01-27 09:45:24,074	INFO	Starting Motor...
2019-01-27 09:45:24,076	INFO	Motor Started Successfully
2019-01-27 09:45:24,078	INFO	Starting PWM...
2019-01-27 09:45:24,080	INFO	PWM Started Successfully
2019-01-27 09:45:24,082	INFO	Feeding...
2019-01-27 09:45:28,088	INFO	Done Feeding
2019-01-27 09:45:28,089	INFO	Stopping PWM
2019-01-27 09:45:28,092	INFO	PWM Stopped
2019-01-27 09:45:28,093	INFO	Feed Completed Successfully
2019-01-27 09:45:28,095	INFO	Cleaning Up, clearing pins
2019-01-31 21:37:15,906	INFO	Feeding for 1.0 seconds
2019-01-31 21:37:15,909	INFO	Starting Motor...
2019-01-31 21:37:15,911	INFO	Motor Started Successfully
2019-01-31 21:37:15,913	INFO	Starting PWM...
2019-01-31 21:37:15,916	INFO	PWM Started Successfully
2019-01-31 21:37:15,918	INFO	Feeding...
2019-01-31 21:37:16,921	INFO	Done Feeding
2019-01-31 21:37:16,923	INFO	Stopping PWM
2019-01-31 21:37:16,925	INFO	PWM Stopped
2019-01-31 21:37:16,926	INFO	Feed Completed Successfully
2019-01-31 21:37:16,928	INFO	Cleaning Up, clearing pins
2019-02-01 20:49:11,580	INFO	Feeding for 4.0 seconds
2019-02-01 20:49:11,583	INFO	Starting Motor...
2019-02-01 20:49:11,585	INFO	Motor Started Successfully
2019-02-01 20:49:11,587	INFO	Starting PWM...
2019-02-01 20:49:11,590	INFO	PWM Started Successfully
2019-02-01 20:49:11,593	INFO	Feeding...
2019-02-01 20:49:15,599	INFO	Done Feeding
2019-02-01 20:49:15,601	INFO	Stopping PWM
2019-02-01 20:49:15,602	INFO	PWM Stopped
2019-02-01 20:49:15,604	INFO	Feed Completed Successfully
2019-02-01 20:49:15,605	INFO	Cleaning Up, clearing pins
2019-02-03 22:30:00,099	INFO	Feeding for 4.0 seconds
2019-02-03 22:30:00,101	INFO	Starting Motor...
2019-02-03 22:30:00,103	INFO	Motor Started Successfully
2019-02-03 22:30:00,105	INFO	Starting PWM...
2019-02-03 22:30:00,107	INFO	PWM Started Successfully
2019-02-03 22:30:00,109	INFO	Feeding...
2019-02-03 22:30:04,115	INFO	Done Feeding
2019-02-03 22:30:04,117	INFO	Stopping PWM
2019-02-03 22:30:04,119	INFO	PWM Stopped
2019-02-03 22:30:04,121	INFO	Feed Completed Successfully
2019-02-03 22:30:04,123	INFO	Cleaning Up, clearing pins
2019-02-11 21:33:18,295	INFO	Feeding for 2.0 seconds
2019-02-11 21:33:18,300	INFO	Starting Motor...
2019-02-11 21:33:18,302	INFO	Motor Started Successfully
2019-02-11 21:33:18,304	INFO	Starting PWM...
2019-02-11 21:33:18,307	INFO	PWM Started Successfully
2019-02-11 21:33:18,314	INFO	Feeding...
2019-02-11 21:33:20,319	INFO	Done Feeding
2019-02-11 21:33:20,321	INFO	Stopping PWM
2019-02-11 21:33:20,323	INFO	PWM Stopped
2019-02-11 21:33:20,325	INFO	Feed Completed Successfully
2019-02-11 21:33:20,328	INFO	Cleaning Up, clearing pins
2019-02-12 07:52:23,546	INFO	Feeding for 2.0 seconds
2019-02-12 07:52:23,549	INFO	Starting Motor...
2019-02-12 07:52:23,551	INFO	Motor Started Successfully
2019-02-12 07:52:23,553	INFO	Starting PWM...
2019-02-12 07:52:23,556	INFO	PWM Started Successfully
2019-02-12 07:52:23,558	INFO	Feeding...
2019-02-12 07:52:25,563	INFO	Done Feeding
2019-02-12 07:52:25,565	INFO	Stopping PWM
2019-02-12 07:52:25,567	INFO	PWM Stopped
2019-02-12 07:52:25,569	INFO	Feed Completed Successfully
2019-02-12 07:52:25,572	INFO	Cleaning Up, clearing pins
2019-02-13 21:32:46,533	INFO	Feeding for 2.0 seconds
2019-02-13 21:32:46,536	INFO	Starting Motor...
2019-02-13 21:32:46,538	INFO	Motor Started Successfully
2019-02-13 21:32:46,540	INFO	Starting PWM...
2019-02-13 21:32:46,543	INFO	PWM Started Successfully
2019-02-13 21:32:46,545	INFO	Feeding...
2019-02-13 21:32:48,549	INFO	Done Feeding
2019-02-13 21:32:48,552	INFO	Stopping PWM
2019-02-13 21:32:48,554	INFO	PWM Stopped
2019-02-13 21:32:48,556	INFO	Feed Completed Successfully
2019-02-13 21:32:48,558	INFO	Cleaning Up, clearing pins
2019-02-15 22:07:50,952	INFO	Feeding for 3.0 seconds
2019-02-15 22:07:50,954	INFO	Starting Motor...
2019-02-15 22:07:50,956	INFO	Motor Started Successfully
2019-02-15 22:07:50,957	INFO	Starting PWM...
2019-02-15 22:07:50,959	INFO	PWM Started Successfully
2019-02-15 22:07:50,961	INFO	Feeding...
2019-02-15 22:07:53,966	INFO	Done Feeding
2019-02-15 22:07:53,968	INFO	Stopping PWM
2019-02-15 22:07:53,969	INFO	PWM Stopped
2019-02-15 22:07:53,971	INFO	Feed Completed Successfully
2019-02-15 22:07:53,972	INFO	Cleaning Up, clearing pins
2019-02-16 22:46:14,886	INFO	Feeding for 4.0 seconds
2019-02-16 22:46:14,888	INFO	Starting Motor...
2019-02-16 22:46:14,890	INFO	Motor Started Successfully
2019-02-16 22:46:14,892	INFO	Starting PWM...
2019-02-16 22:46:14,894	INFO	PWM Started Successfully
2019-02-16 22:46:14,896	INFO	Feeding...
2019-02-16 22:46:18,901	INFO	Done Feeding
2019-02-16 22:46:18,903	INFO	Stopping PWM
2019-02-16 22:46:18,904	INFO	PWM Stopped
2019-02-16 22:46:18,905	INFO	Feed Completed Successfully
2019-02-16 22:46:18,906	INFO	Cleaning Up, clearing pins
2019-02-17 21:35:59,549	INFO	Feeding for 1.0 seconds
2019-02-17 21:35:59,551	INFO	Starting Motor...
2019-02-17 21:35:59,553	INFO	Motor Started Successfully
2019-02-17 21:35:59,555	INFO	Starting PWM...
2019-02-17 21:35:59,558	INFO	PWM Started Successfully
2019-02-17 21:35:59,561	INFO	Feeding...
2019-02-17 21:36:00,565	INFO	Done Feeding
2019-02-17 21:36:00,566	INFO	Stopping PWM
2019-02-17 21:36:00,568	INFO	PWM Stopped
2019-02-17 21:36:00,570	INFO	Feed Completed Successfully
2019-02-17 21:36:00,572	INFO	Cleaning Up, clearing pins
2019-02-20 21:29:31,258	INFO	Feeding for 4.0 seconds
2019-02-20 21:29:31,261	INFO	Starting Motor...
2019-02-20 21:29:31,263	INFO	Motor Started Successfully
2019-02-20 21:29:31,265	INFO	Starting PWM...
2019-02-20 21:29:31,267	INFO	PWM Started Successfully
2019-02-20 21:29:31,270	INFO	Feeding...
2019-02-20 21:29:35,276	INFO	Done Feeding
2019-02-20 21:29:35,278	INFO	Stopping PWM
2019-02-20 21:29:35,281	INFO	PWM Stopped
2019-02-20 21:29:35,283	INFO	Feed Completed Successfully
2019-02-20 21:29:35,285	INFO	Cleaning Up, clearing pins
2019-02-21 20:38:24,555	INFO	Feeding for 4.0 seconds
2019-02-21 20:38:24,558	INFO	Starting Motor...
2019-02-21 20:38:24,560	INFO	Motor Started Successfully
2019-02-21 20:38:24,562	INFO	Starting PWM...
2019-02-21 20:38:24,565	INFO	PWM Started Successfully
2019-02-21 20:38:24,567	INFO	Feeding...
2019-02-21 20:38:28,573	INFO	Done Feeding
2019-02-21 20:38:28,575	INFO	Stopping PWM
2019-02-21 20:38:28,577	INFO	PWM Stopped
2019-02-21 20:38:28,580	INFO	Feed Completed Successfully
2019-02-21 20:38:28,582	INFO	Cleaning Up, clearing pins
2019-02-21 21:38:08,026	INFO	Feeding for 4.0 seconds
2019-02-21 21:38:08,028	INFO	Starting Motor...
2019-02-21 21:38:08,030	INFO	Motor Started Successfully
2019-02-21 21:38:08,031	INFO	Starting PWM...
2019-02-21 21:38:08,033	INFO	PWM Started Successfully
2019-02-21 21:38:08,035	INFO	Feeding...
2019-02-21 21:38:12,041	INFO	Done Feeding
2019-02-21 21:38:12,043	INFO	Stopping PWM
2019-02-21 21:38:12,045	INFO	PWM Stopped
2019-02-21 21:38:12,046	INFO	Feed Completed Successfully
2019-02-21 21:38:12,048	INFO	Cleaning Up, clearing pins
2019-02-21 21:45:12,099	INFO	Feeding for 1.0 seconds
2019-02-21 21:45:12,101	INFO	Starting Motor...
2019-02-21 21:45:12,102	INFO	Motor Started Successfully
2019-02-21 21:45:12,104	INFO	Starting PWM...
2019-02-21 21:45:12,106	INFO	PWM Started Successfully
2019-02-21 21:45:12,108	INFO	Feeding...
2019-02-21 21:45:13,111	INFO	Done Feeding
2019-02-21 21:45:13,113	INFO	Stopping PWM
2019-02-21 21:45:13,115	INFO	PWM Stopped
2019-02-21 21:45:13,118	INFO	Feed Completed Successfully
2019-02-21 21:45:13,121	INFO	Cleaning Up, clearing pins
2019-02-23 22:30:00,171	INFO	Feeding for 4.0 seconds
2019-02-23 22:30:00,173	INFO	Starting Motor...
2019-02-23 22:30:00,176	INFO	Motor Started Successfully
2019-02-23 22:30:00,178	INFO	Starting PWM...
2019-02-23 22:30:00,180	INFO	PWM Started Successfully
2019-02-23 22:30:00,183	INFO	Feeding...
2019-02-23 22:30:04,189	INFO	Done Feeding
2019-02-23 22:30:04,190	INFO	Stopping PWM
2019-02-23 22:30:04,192	INFO	PWM Stopped
2019-02-23 22:30:04,193	INFO	Feed Completed Successfully
2019-02-23 22:30:04,195	INFO	Cleaning Up, clearing pins
2019-02-27 22:30:00,160	INFO	Feeding for 4.0 seconds
2019-02-27 22:30:00,162	INFO	Starting Motor...
2019-02-27 22:30:00,165	INFO	Motor Started Successfully
2019-02-27 22:30:00,167	INFO	Starting PWM...
2019-02-27 22:30:00,169	INFO	PWM Started Successfully
2019-02-27 22:30:00,172	INFO	Feeding...
2019-02-27 22:30:04,178	INFO	Done Feeding
2019-02-27 22:30:04,179	INFO	Stopping PWM
2019-02-27 22:30:04,181	INFO	PWM Stopped
2019-02-27 22:30:04,182	INFO	Feed Completed Successfully
2019-02-27 22:30:04,183	INFO	Cleaning Up, clearing pins
2019-03-03 00:52:50,864	INFO	Feeding for 3.0 seconds
2019-03-03 00:52:50,867	INFO	Starting Motor...
2019-03-03 00:52:50,869	INFO	Motor Started Successfully
2019-03-03 00:52:50,871	INFO	Starting PWM...
2019-03-03 00:52:50,874	INFO	PWM Started Successfully
2019-03-03 00:52:50,876	INFO	Feeding...
2019-03-03 00:52:53,881	INFO	Done Feeding
2019-03-03 00:52:53,883	INFO	Stopping PWM
2019-03-03 00:52:53,884	INFO	PWM Stopped
2019-03-03 00:52:53,886	INFO	Feed Completed Successfully
2019-03-03 00:52:53,888	INFO	Cleaning Up, clearing pins
2019-03-03 11:58:56,090	INFO	Feeding for 1.0 seconds
2019-03-03 11:58:56,091	INFO	Starting Motor...
2019-03-03 11:58:56,092	INFO	Motor Started Successfully
2019-03-03 11:58:56,094	INFO	Starting PWM...
2019-03-03 11:58:56,095	INFO	PWM Started Successfully
2019-03-03 11:58:56,096	INFO	Feeding...
2019-03-03 11:58:57,099	INFO	Done Feeding
2019-03-03 11:58:57,101	INFO	Stopping PWM
2019-03-03 11:58:57,103	INFO	PWM Stopped
2019-03-03 11:58:57,105	INFO	Feed Completed Successfully
2019-03-03 11:58:57,108	INFO	Cleaning Up, clearing pins
2019-03-05 22:30:00,173	INFO	Feeding for 4.0 seconds
2019-03-05 22:30:00,175	INFO	Starting Motor...
2019-03-05 22:30:00,177	INFO	Motor Started Successfully
2019-03-05 22:30:00,180	INFO	Starting PWM...
2019-03-05 22:30:00,182	INFO	PWM Started Successfully
2019-03-05 22:30:00,184	INFO	Feeding...
2019-03-05 22:30:04,190	INFO	Done Feeding
2019-03-05 22:30:04,192	INFO	Stopping PWM
2019-03-05 22:30:04,193	INFO	PWM Stopped
2019-03-05 22:30:04,195	INFO	Feed Completed Successfully
2019-03-05 22:30:04,196	INFO	Cleaning Up, clearing pins
2019-03-06 22:30:00,073	INFO	Feeding for 4.0 seconds
2019-03-06 22:30:00,075	INFO	Starting Motor...
2019-03-06 22:30:00,077	INFO	Motor Started Successfully
2019-03-06 22:30:00,079	INFO	Starting PWM...
2019-03-06 22:30:00,081	INFO	PWM Started Successfully
2019-03-06 22:30:00,083	INFO	Feeding...
2019-03-06 22:30:04,088	INFO	Done Feeding
2019-03-06 22:30:04,090	INFO	Stopping PWM
2019-03-06 22:30:04,091	INFO	PWM Stopped
2019-03-06 22:30:04,092	INFO	Feed Completed Successfully
2019-03-06 22:30:04,093	INFO	Cleaning Up, clearing pins
2019-03-07 22:30:00,206	INFO	Feeding for 4.0 seconds
2019-03-07 22:30:00,207	INFO	Starting Motor...
2019-03-07 22:30:00,209	INFO	Motor Started Successfully
2019-03-07 22:30:00,211	INFO	Starting PWM...
2019-03-07 22:30:00,213	INFO	PWM Started Successfully
2019-03-07 22:30:00,215	INFO	Feeding...
2019-03-07 22:30:04,221	INFO	Done Feeding
2019-03-07 22:30:04,222	INFO	Stopping PWM
2019-03-07 22:30:04,223	INFO	PWM Stopped
2019-03-07 22:30:04,224	INFO	Feed Completed Successfully
2019-03-07 22:30:04,225	INFO	Cleaning Up, clearing pins
2019-03-08 00:16:31,584	INFO	Feeding for 4.0 seconds
2019-03-08 00:16:31,587	INFO	Starting Motor...
2019-03-08 00:16:31,589	INFO	Motor Started Successfully
2019-03-08 00:16:31,591	INFO	Starting PWM...
2019-03-08 00:16:31,594	INFO	PWM Started Successfully
2019-03-08 00:16:31,596	INFO	Feeding...
2019-03-08 00:16:35,602	INFO	Done Feeding
2019-03-08 00:16:35,605	INFO	Stopping PWM
2019-03-08 00:16:35,607	INFO	PWM Stopped
2019-03-08 00:16:35,609	INFO	Feed Completed Successfully
2019-03-08 00:16:35,612	INFO	Cleaning Up, clearing pins
2019-03-09 00:01:03,976	INFO	Feeding for 4.0 seconds
2019-03-09 00:01:03,978	INFO	Starting Motor...
2019-03-09 00:01:03,980	INFO	Motor Started Successfully
2019-03-09 00:01:03,982	INFO	Starting PWM...
2019-03-09 00:01:03,984	INFO	PWM Started Successfully
2019-03-09 00:01:03,985	INFO	Feeding...
2019-03-09 00:01:07,990	INFO	Done Feeding
2019-03-09 00:01:07,992	INFO	Stopping PWM
2019-03-09 00:01:07,994	INFO	PWM Stopped
2019-03-09 00:01:07,996	INFO	Feed Completed Successfully
2019-03-09 00:01:07,998	INFO	Cleaning Up, clearing pins
2019-03-09 22:30:00,115	INFO	Feeding for 4.0 seconds
2019-03-09 22:30:00,117	INFO	Starting Motor...
2019-03-09 22:30:00,120	INFO	Motor Started Successfully
2019-03-09 22:30:00,122	INFO	Starting PWM...
2019-03-09 22:30:00,124	INFO	PWM Started Successfully
2019-03-09 22:30:00,126	INFO	Feeding...
2019-03-09 22:30:04,133	INFO	Done Feeding
2019-03-09 22:30:04,135	INFO	Stopping PWM
2019-03-09 22:30:04,137	INFO	PWM Stopped
2019-03-09 22:30:04,140	INFO	Feed Completed Successfully
2019-03-09 22:30:04,142	INFO	Cleaning Up, clearing pins
2019-03-09 23:34:13,013	INFO	Feeding for 1.0 seconds
2019-03-09 23:34:13,016	INFO	Starting Motor...
2019-03-09 23:34:13,018	INFO	Motor Started Successfully
2019-03-09 23:34:13,020	INFO	Starting PWM...
2019-03-09 23:34:13,023	INFO	PWM Started Successfully
2019-03-09 23:34:13,025	INFO	Feeding...
2019-03-09 23:34:14,028	INFO	Done Feeding
2019-03-09 23:34:14,030	INFO	Stopping PWM
2019-03-09 23:34:14,032	INFO	PWM Stopped
2019-03-09 23:34:14,033	INFO	Feed Completed Successfully
2019-03-09 23:34:14,035	INFO	Cleaning Up, clearing pins
2019-03-11 22:30:00,145	INFO	Feeding for 4.0 seconds
2019-03-11 22:30:00,147	INFO	Starting Motor...
2019-03-11 22:30:00,149	INFO	Motor Started Successfully
2019-03-11 22:30:00,151	INFO	Starting PWM...
2019-03-11 22:30:00,153	INFO	PWM Started Successfully
2019-03-11 22:30:00,154	INFO	Feeding...
2019-03-11 22:30:04,160	INFO	Done Feeding
2019-03-11 22:30:04,162	INFO	Stopping PWM
2019-03-11 22:30:04,163	INFO	PWM Stopped
2019-03-11 22:30:04,164	INFO	Feed Completed Successfully
2019-03-11 22:30:04,165	INFO	Cleaning Up, clearing pins
2019-03-15 07:23:18,536	INFO	Feeding for 2.0 seconds
2019-03-15 07:23:18,538	INFO	Starting Motor...
2019-03-15 07:23:18,540	INFO	Motor Started Successfully
2019-03-15 07:23:18,541	INFO	Starting PWM...
2019-03-15 07:23:18,544	INFO	PWM Started Successfully
2019-03-15 07:23:18,545	INFO	Feeding...
2019-03-15 07:23:20,549	INFO	Done Feeding
2019-03-15 07:23:20,550	INFO	Stopping PWM
2019-03-15 07:23:20,551	INFO	PWM Stopped
2019-03-15 07:23:20,553	INFO	Feed Completed Successfully
2019-03-15 07:23:20,554	INFO	Cleaning Up, clearing pins
2019-03-15 07:23:29,921	INFO	Feeding for 1.0 seconds
2019-03-15 07:23:29,923	INFO	Starting Motor...
2019-03-15 07:23:29,925	INFO	Motor Started Successfully
2019-03-15 07:23:29,927	INFO	Starting PWM...
2019-03-15 07:23:29,930	INFO	PWM Started Successfully
2019-03-15 07:23:29,932	INFO	Feeding...
2019-03-15 07:23:30,935	INFO	Done Feeding
2019-03-15 07:23:30,936	INFO	Stopping PWM
2019-03-15 07:23:30,938	INFO	PWM Stopped
2019-03-15 07:23:30,939	INFO	Feed Completed Successfully
2019-03-15 07:23:30,940	INFO	Cleaning Up, clearing pins
2019-03-16 13:25:55,278	INFO	Feeding for 1.0 seconds
2019-03-16 13:25:55,281	INFO	Starting Motor...
2019-03-16 13:25:55,283	INFO	Motor Started Successfully
2019-03-16 13:25:55,285	INFO	Starting PWM...
2019-03-16 13:25:55,288	INFO	PWM Started Successfully
2019-03-16 13:25:55,290	INFO	Feeding...
2019-03-16 13:25:56,294	INFO	Done Feeding
2019-03-16 13:25:56,295	INFO	Stopping PWM
2019-03-16 13:25:56,297	INFO	PWM Stopped
2019-03-16 13:25:56,299	INFO	Feed Completed Successfully
2019-03-16 13:25:56,300	INFO	Cleaning Up, clearing pins
2019-03-16 13:26:18,134	INFO	Feeding for 1.0 seconds
2019-03-16 13:26:18,135	INFO	Starting Motor...
2019-03-16 13:26:18,137	INFO	Motor Started Successfully
2019-03-16 13:26:18,138	INFO	Starting PWM...
2019-03-16 13:26:18,140	INFO	PWM Started Successfully
2019-03-16 13:26:18,142	INFO	Feeding...
2019-03-16 13:26:19,144	INFO	Done Feeding
2019-03-16 13:26:19,146	INFO	Stopping PWM
2019-03-16 13:26:19,148	INFO	PWM Stopped
2019-03-16 13:26:19,150	INFO	Feed Completed Successfully
2019-03-16 13:26:19,152	INFO	Cleaning Up, clearing pins
2019-03-21 21:01:49,443	INFO	Feeding for 6.0 seconds
2019-03-21 21:01:49,445	INFO	Starting Motor...
2019-03-21 21:01:49,446	INFO	Motor Started Successfully
2019-03-21 21:01:49,447	INFO	Starting PWM...
2019-03-21 21:01:49,449	INFO	PWM Started Successfully
2019-03-21 21:01:49,450	INFO	Feeding...
2019-03-21 21:01:55,457	INFO	Done Feeding
2019-03-21 21:01:55,459	INFO	Stopping PWM
2019-03-21 21:01:55,461	INFO	PWM Stopped
2019-03-21 21:01:55,463	INFO	Feed Completed Successfully
2019-03-21 21:01:55,464	INFO	Cleaning Up, clearing pins
2019-03-21 21:18:02,694	INFO	Feeding for 2.0 seconds
2019-03-21 21:18:02,696	INFO	Starting Motor...
2019-03-21 21:18:02,699	INFO	Motor Started Successfully
2019-03-21 21:18:02,706	INFO	Starting PWM...
2019-03-21 21:18:02,708	INFO	PWM Started Successfully
2019-03-21 21:18:02,712	INFO	Feeding...
2019-03-21 21:18:04,716	INFO	Done Feeding
2019-03-21 21:18:04,718	INFO	Stopping PWM
2019-03-21 21:18:04,719	INFO	PWM Stopped
2019-03-21 21:18:04,721	INFO	Feed Completed Successfully
2019-03-21 21:18:04,722	INFO	Cleaning Up, clearing pins
2019-03-23 10:29:15,956	INFO	Feeding for 1.0 seconds
2019-03-23 10:29:15,958	INFO	Starting Motor...
2019-03-23 10:29:15,959	INFO	Motor Started Successfully
2019-03-23 10:29:15,961	INFO	Starting PWM...
2019-03-23 10:29:15,963	INFO	PWM Started Successfully
2019-03-23 10:29:15,965	INFO	Feeding...
2019-03-23 10:29:16,968	INFO	Done Feeding
2019-03-23 10:29:16,969	INFO	Stopping PWM
2019-03-23 10:29:16,971	INFO	PWM Stopped
2019-03-23 10:29:16,972	INFO	Feed Completed Successfully
2019-03-23 10:29:16,973	INFO	Cleaning Up, clearing pins
2019-03-23 10:29:26,191	INFO	Feeding for 1.0 seconds
2019-03-23 10:29:26,193	INFO	Starting Motor...
2019-03-23 10:29:26,194	INFO	Motor Started Successfully
2019-03-23 10:29:26,195	INFO	Starting PWM...
2019-03-23 10:29:26,197	INFO	PWM Started Successfully
2019-03-23 10:29:26,198	INFO	Feeding...
2019-03-23 10:29:27,200	INFO	Done Feeding
2019-03-23 10:29:27,202	INFO	Stopping PWM
2019-03-23 10:29:27,203	INFO	PWM Stopped
2019-03-23 10:29:27,204	INFO	Feed Completed Successfully
2019-03-23 10:29:27,206	INFO	Cleaning Up, clearing pins
2019-03-26 22:30:00,126	INFO	Feeding for 4.0 seconds
2019-03-26 22:30:00,128	INFO	Starting Motor...
2019-03-26 22:30:00,130	INFO	Motor Started Successfully
2019-03-26 22:30:00,132	INFO	Starting PWM...
2019-03-26 22:30:00,134	INFO	PWM Started Successfully
2019-03-26 22:30:00,135	INFO	Feeding...
2019-03-26 22:30:04,141	INFO	Done Feeding
2019-03-26 22:30:04,143	INFO	Stopping PWM
2019-03-26 22:30:04,145	INFO	PWM Stopped
2019-03-26 22:30:04,146	INFO	Feed Completed Successfully
2019-03-26 22:30:04,148	INFO	Cleaning Up, clearing pins
2019-03-29 12:53:27,696	INFO	Feeding for 2.0 seconds
2019-03-29 12:53:27,698	INFO	Starting Motor...
2019-03-29 12:53:27,700	INFO	Motor Started Successfully
2019-03-29 12:53:27,702	INFO	Starting PWM...
2019-03-29 12:53:27,704	INFO	PWM Started Successfully
2019-03-29 12:53:27,706	INFO	Feeding...
2019-03-29 12:53:29,710	INFO	Done Feeding
2019-03-29 12:53:29,711	INFO	Stopping PWM
2019-03-29 12:53:29,713	INFO	PWM Stopped
2019-03-29 12:53:29,715	INFO	Feed Completed Successfully
2019-03-29 12:53:29,717	INFO	Cleaning Up, clearing pins
2019-03-29 12:53:54,676	INFO	Feeding for 1.0 seconds
2019-03-29 12:53:54,678	INFO	Starting Motor...
2019-03-29 12:53:54,680	INFO	Motor Started Successfully
2019-03-29 12:53:54,681	INFO	Starting PWM...
2019-03-29 12:53:54,683	INFO	PWM Started Successfully
2019-03-29 12:53:54,685	INFO	Feeding...
2019-03-29 12:53:55,688	INFO	Done Feeding
2019-03-29 12:53:55,690	INFO	Stopping PWM
2019-03-29 12:53:55,691	INFO	PWM Stopped
2019-03-29 12:53:55,693	INFO	Feed Completed Successfully
2019-03-29 12:53:55,694	INFO	Cleaning Up, clearing pins
2019-03-29 12:54:03,160	INFO	Feeding for 1.0 seconds
2019-03-29 12:54:03,163	INFO	Starting Motor...
2019-03-29 12:54:03,165	INFO	Motor Started Successfully
2019-03-29 12:54:03,168	INFO	Starting PWM...
2019-03-29 12:54:03,171	INFO	PWM Started Successfully
2019-03-29 12:54:03,173	INFO	Feeding...
2019-03-29 12:54:04,176	INFO	Done Feeding
2019-03-29 12:54:04,178	INFO	Stopping PWM
2019-03-29 12:54:04,179	INFO	PWM Stopped
2019-03-29 12:54:04,180	INFO	Feed Completed Successfully
2019-03-29 12:54:04,181	INFO	Cleaning Up, clearing pins
2019-03-30 23:21:48,847	INFO	Feeding for 4.0 seconds
2019-03-30 23:21:48,849	INFO	Starting Motor...
2019-03-30 23:21:48,851	INFO	Motor Started Successfully
2019-03-30 23:21:48,853	INFO	Starting PWM...
2019-03-30 23:21:48,856	INFO	PWM Started Successfully
2019-03-30 23:21:48,858	INFO	Feeding...
2019-03-30 23:21:52,865	INFO	Done Feeding
2019-03-30 23:21:52,867	INFO	Stopping PWM
2019-03-30 23:21:52,869	INFO	PWM Stopped
2019-03-30 23:21:52,872	INFO	Feed Completed Successfully
2019-03-30 23:21:52,874	INFO	Cleaning Up, clearing pins
2019-04-04 22:37:27,645	INFO	Feeding for 4.0 seconds
2019-04-04 22:37:27,647	INFO	Starting Motor...
2019-04-04 22:37:27,649	INFO	Motor Started Successfully
2019-04-04 22:37:27,651	INFO	Starting PWM...
2019-04-04 22:37:27,654	INFO	PWM Started Successfully
2019-04-04 22:37:27,656	INFO	Feeding...
2019-04-04 22:37:31,662	INFO	Done Feeding
2019-04-04 22:37:31,664	INFO	Stopping PWM
2019-04-04 22:37:31,665	INFO	PWM Stopped
2019-04-04 22:37:31,666	INFO	Feed Completed Successfully
2019-04-04 22:37:31,668	INFO	Cleaning Up, clearing pins
2019-04-05 21:32:38,227	INFO	Feeding for 3.0 seconds
2019-04-05 21:32:38,229	INFO	Starting Motor...
2019-04-05 21:32:38,231	INFO	Motor Started Successfully
2019-04-05 21:32:38,233	INFO	Starting PWM...
2019-04-05 21:32:38,236	INFO	PWM Started Successfully
2019-04-05 21:32:38,238	INFO	Feeding...
2019-04-05 21:32:41,244	INFO	Done Feeding
2019-04-05 21:32:41,246	INFO	Stopping PWM
2019-04-05 21:32:41,247	INFO	PWM Stopped
2019-04-05 21:32:41,249	INFO	Feed Completed Successfully
2019-04-05 21:32:41,251	INFO	Cleaning Up, clearing pins
2019-04-12 21:58:31,510	INFO	Feeding for 2.0 seconds
2019-04-12 21:58:31,513	INFO	Starting Motor...
2019-04-12 21:58:31,515	INFO	Motor Started Successfully
2019-04-12 21:58:31,517	INFO	Starting PWM...
2019-04-12 21:58:31,520	INFO	PWM Started Successfully
2019-04-12 21:58:31,522	INFO	Feeding...
2019-04-12 21:58:33,527	INFO	Done Feeding
2019-04-12 21:58:33,529	INFO	Stopping PWM
2019-04-12 21:58:33,531	INFO	PWM Stopped
2019-04-12 21:58:33,533	INFO	Feed Completed Successfully
2019-04-12 21:58:33,535	INFO	Cleaning Up, clearing pins
2019-04-15 22:07:37,942	INFO	Feeding for 3.0 seconds
2019-04-15 22:07:37,944	INFO	Starting Motor...
2019-04-15 22:07:37,946	INFO	Motor Started Successfully
2019-04-15 22:07:37,948	INFO	Starting PWM...
2019-04-15 22:07:37,951	INFO	PWM Started Successfully
2019-04-15 22:07:37,953	INFO	Feeding...
2019-04-15 22:07:40,958	INFO	Done Feeding
2019-04-15 22:07:40,959	INFO	Stopping PWM
2019-04-15 22:07:40,961	INFO	PWM Stopped
2019-04-15 22:07:40,962	INFO	Feed Completed Successfully
2019-04-15 22:07:40,963	INFO	Cleaning Up, clearing pins
2019-04-16 23:11:02,366	INFO	Feeding for 4.0 seconds
2019-04-16 23:11:02,367	INFO	Starting Motor...
2019-04-16 23:11:02,368	INFO	Motor Started Successfully
2019-04-16 23:11:02,369	INFO	Starting PWM...
2019-04-16 23:11:02,371	INFO	PWM Started Successfully
2019-04-16 23:11:02,372	INFO	Feeding...
2019-04-16 23:11:06,378	INFO	Done Feeding
2019-04-16 23:11:06,380	INFO	Stopping PWM
2019-04-16 23:11:06,381	INFO	PWM Stopped
2019-04-16 23:11:06,383	INFO	Feed Completed Successfully
2019-04-16 23:11:06,385	INFO	Cleaning Up, clearing pins
2019-04-17 22:30:00,125	INFO	Feeding for 4.0 seconds
2019-04-17 22:30:00,127	INFO	Starting Motor...
2019-04-17 22:30:00,129	INFO	Motor Started Successfully
2019-04-17 22:30:00,131	INFO	Starting PWM...
2019-04-17 22:30:00,134	INFO	PWM Started Successfully
2019-04-17 22:30:00,136	INFO	Feeding...
2019-04-17 22:30:04,142	INFO	Done Feeding
2019-04-17 22:30:04,144	INFO	Stopping PWM
2019-04-17 22:30:04,146	INFO	PWM Stopped
2019-04-17 22:30:04,147	INFO	Feed Completed Successfully
2019-04-17 22:30:04,149	INFO	Cleaning Up, clearing pins
2019-04-18 22:54:47,855	INFO	Feeding for 4.0 seconds
2019-04-18 22:54:47,857	INFO	Starting Motor...
2019-04-18 22:54:47,858	INFO	Motor Started Successfully
2019-04-18 22:54:47,860	INFO	Starting PWM...
2019-04-18 22:54:47,862	INFO	PWM Started Successfully
2019-04-18 22:54:47,864	INFO	Feeding...
2019-04-18 22:54:51,870	INFO	Done Feeding
2019-04-18 22:54:51,872	INFO	Stopping PWM
2019-04-18 22:54:51,873	INFO	PWM Stopped
2019-04-18 22:54:51,875	INFO	Feed Completed Successfully
2019-04-18 22:54:51,877	INFO	Cleaning Up, clearing pins
2019-04-19 22:07:16,054	INFO	Feeding for 3.0 seconds
2019-04-19 22:07:16,056	INFO	Starting Motor...
2019-04-19 22:07:16,057	INFO	Motor Started Successfully
2019-04-19 22:07:16,059	INFO	Starting PWM...
2019-04-19 22:07:16,061	INFO	PWM Started Successfully
2019-04-19 22:07:16,062	INFO	Feeding...
2019-04-19 22:07:19,067	INFO	Done Feeding
2019-04-19 22:07:19,068	INFO	Stopping PWM
2019-04-19 22:07:19,069	INFO	PWM Stopped
2019-04-19 22:07:19,071	INFO	Feed Completed Successfully
2019-04-19 22:07:19,072	INFO	Cleaning Up, clearing pins
2019-04-20 23:10:11,155	INFO	Feeding for 3.0 seconds
2019-04-20 23:10:11,157	INFO	Starting Motor...
2019-04-20 23:10:11,159	INFO	Motor Started Successfully
2019-04-20 23:10:11,161	INFO	Starting PWM...
2019-04-20 23:10:11,163	INFO	PWM Started Successfully
2019-04-20 23:10:11,165	INFO	Feeding...
2019-04-20 23:10:14,170	INFO	Done Feeding
2019-04-20 23:10:14,172	INFO	Stopping PWM
2019-04-20 23:10:14,174	INFO	PWM Stopped
2019-04-20 23:10:14,176	INFO	Feed Completed Successfully
2019-04-20 23:10:14,178	INFO	Cleaning Up, clearing pins
2019-04-22 21:12:50,697	INFO	Feeding for 4.0 seconds
2019-04-22 21:12:50,698	INFO	Starting Motor...
2019-04-22 21:12:50,706	INFO	Motor Started Successfully
2019-04-22 21:12:50,708	INFO	Starting PWM...
2019-04-22 21:12:50,710	INFO	PWM Started Successfully
2019-04-22 21:12:50,712	INFO	Feeding...
2019-04-22 21:12:54,717	INFO	Done Feeding
2019-04-22 21:12:54,719	INFO	Stopping PWM
2019-04-22 21:12:54,720	INFO	PWM Stopped
2019-04-22 21:12:54,721	INFO	Feed Completed Successfully
2019-04-22 21:12:54,722	INFO	Cleaning Up, clearing pins
2019-04-23 21:44:06,522	INFO	Feeding for 3.0 seconds
2019-04-23 21:44:06,524	INFO	Starting Motor...
2019-04-23 21:44:06,525	INFO	Motor Started Successfully
2019-04-23 21:44:06,526	INFO	Starting PWM...
2019-04-23 21:44:06,528	INFO	PWM Started Successfully
2019-04-23 21:44:06,529	INFO	Feeding...
2019-04-23 21:44:09,533	INFO	Done Feeding
2019-04-23 21:44:09,535	INFO	Stopping PWM
2019-04-23 21:44:09,536	INFO	PWM Stopped
2019-04-23 21:44:09,538	INFO	Feed Completed Successfully
2019-04-23 21:44:09,539	INFO	Cleaning Up, clearing pins
2019-04-25 21:16:27,145	INFO	Feeding for 3.0 seconds
2019-04-25 21:16:27,147	INFO	Starting Motor...
2019-04-25 21:16:27,148	INFO	Motor Started Successfully
2019-04-25 21:16:27,149	INFO	Starting PWM...
2019-04-25 21:16:27,151	INFO	PWM Started Successfully
2019-04-25 21:16:27,152	INFO	Feeding...
2019-04-25 21:16:30,156	INFO	Done Feeding
2019-04-25 21:16:30,158	INFO	Stopping PWM
2019-04-25 21:16:30,159	INFO	PWM Stopped
2019-04-25 21:16:30,161	INFO	Feed Completed Successfully
2019-04-25 21:16:30,162	INFO	Cleaning Up, clearing pins
2019-04-25 21:16:36,721	INFO	Feeding for 4.0 seconds
2019-04-25 21:16:36,723	INFO	Starting Motor...
2019-04-25 21:16:36,725	INFO	Motor Started Successfully
2019-04-25 21:16:36,726	INFO	Starting PWM...
2019-04-25 21:16:36,728	INFO	PWM Started Successfully
2019-04-25 21:16:36,731	INFO	Feeding...
2019-04-25 21:16:40,737	INFO	Done Feeding
2019-04-25 21:16:40,739	INFO	Stopping PWM
2019-04-25 21:16:40,741	INFO	PWM Stopped
2019-04-25 21:16:40,743	INFO	Feed Completed Successfully
2019-04-25 21:16:40,744	INFO	Cleaning Up, clearing pins
2019-05-01 20:00:55,827	INFO	Feeding for 4.0 seconds
2019-05-01 20:00:55,829	INFO	Starting Motor...
2019-05-01 20:00:55,831	INFO	Motor Started Successfully
2019-05-01 20:00:55,833	INFO	Starting PWM...
2019-05-01 20:00:55,835	INFO	PWM Started Successfully
2019-05-01 20:00:55,836	INFO	Feeding...
2019-05-01 20:00:59,842	INFO	Done Feeding
2019-05-01 20:00:59,844	INFO	Stopping PWM
2019-05-01 20:00:59,846	INFO	PWM Stopped
2019-05-01 20:00:59,847	INFO	Feed Completed Successfully
2019-05-01 20:00:59,849	INFO	Cleaning Up, clearing pins
2019-05-01 21:40:25,726	INFO	Feeding for 3.0 seconds
2019-05-01 21:40:25,728	INFO	Starting Motor...
2019-05-01 21:40:25,729	INFO	Motor Started Successfully
2019-05-01 21:40:25,731	INFO	Starting PWM...
2019-05-01 21:40:25,733	INFO	PWM Started Successfully
2019-05-01 21:40:25,734	INFO	Feeding...
2019-05-01 21:40:28,739	INFO	Done Feeding
2019-05-01 21:40:28,741	INFO	Stopping PWM
2019-05-01 21:40:28,742	INFO	PWM Stopped
2019-05-01 21:40:28,744	INFO	Feed Completed Successfully
2019-05-01 21:40:28,746	INFO	Cleaning Up, clearing pins
2019-05-02 22:50:37,376	INFO	Feeding for 3.0 seconds
2019-05-02 22:50:37,378	INFO	Starting Motor...
2019-05-02 22:50:37,380	INFO	Motor Started Successfully
2019-05-02 22:50:37,382	INFO	Starting PWM...
2019-05-02 22:50:37,384	INFO	PWM Started Successfully
2019-05-02 22:50:37,386	INFO	Feeding...
2019-05-02 22:50:40,391	INFO	Done Feeding
2019-05-02 22:50:40,393	INFO	Stopping PWM
2019-05-02 22:50:40,395	INFO	PWM Stopped
2019-05-02 22:50:40,397	INFO	Feed Completed Successfully
2019-05-02 22:50:40,399	INFO	Cleaning Up, clearing pins
2019-05-03 22:30:00,167	INFO	Feeding for 4.0 seconds
2019-05-03 22:30:00,169	INFO	Starting Motor...
2019-05-03 22:30:00,171	INFO	Motor Started Successfully
2019-05-03 22:30:00,173	INFO	Starting PWM...
2019-05-03 22:30:00,175	INFO	PWM Started Successfully
2019-05-03 22:30:00,176	INFO	Feeding...
2019-05-03 22:30:04,182	INFO	Done Feeding
2019-05-03 22:30:04,184	INFO	Stopping PWM
2019-05-03 22:30:04,186	INFO	PWM Stopped
2019-05-03 22:30:04,188	INFO	Feed Completed Successfully
2019-05-03 22:30:04,190	INFO	Cleaning Up, clearing pins
2019-05-04 10:00:00,169	INFO	Feeding for 4.0 seconds
2019-05-04 10:00:00,171	INFO	Starting Motor...
2019-05-04 10:00:00,173	INFO	Motor Started Successfully
2019-05-04 10:00:00,175	INFO	Starting PWM...
2019-05-04 10:00:00,178	INFO	PWM Started Successfully
2019-05-04 10:00:00,180	INFO	Feeding...
2019-05-04 10:00:04,186	INFO	Done Feeding
2019-05-04 10:00:04,188	INFO	Stopping PWM
2019-05-04 10:00:04,189	INFO	PWM Stopped
2019-05-04 10:00:04,191	INFO	Feed Completed Successfully
2019-05-04 10:00:04,192	INFO	Cleaning Up, clearing pins
2019-05-04 22:30:00,120	INFO	Feeding for 4.0 seconds
2019-05-04 22:30:00,122	INFO	Starting Motor...
2019-05-04 22:30:00,124	INFO	Motor Started Successfully
2019-05-04 22:30:00,126	INFO	Starting PWM...
2019-05-04 22:30:00,129	INFO	PWM Started Successfully
2019-05-04 22:30:00,131	INFO	Feeding...
2019-05-04 22:30:04,137	INFO	Done Feeding
2019-05-04 22:30:04,139	INFO	Stopping PWM
2019-05-04 22:30:04,141	INFO	PWM Stopped
2019-05-04 22:30:04,143	INFO	Feed Completed Successfully
2019-05-04 22:30:04,145	INFO	Cleaning Up, clearing pins
2019-05-05 10:00:00,238	INFO	Feeding for 4.0 seconds
2019-05-05 10:00:00,240	INFO	Starting Motor...
2019-05-05 10:00:00,242	INFO	Motor Started Successfully
2019-05-05 10:00:00,245	INFO	Starting PWM...
2019-05-05 10:00:00,247	INFO	PWM Started Successfully
2019-05-05 10:00:00,250	INFO	Feeding...
2019-05-05 10:00:04,256	INFO	Done Feeding
2019-05-05 10:00:04,258	INFO	Stopping PWM
2019-05-05 10:00:04,261	INFO	PWM Stopped
2019-05-05 10:00:04,263	INFO	Feed Completed Successfully
2019-05-05 10:00:04,265	INFO	Cleaning Up, clearing pins
2019-05-06 20:58:45,290	INFO	Feeding for 4.0 seconds
2019-05-06 20:58:45,292	INFO	Starting Motor...
2019-05-06 20:58:45,295	INFO	Motor Started Successfully
2019-05-06 20:58:45,297	INFO	Starting PWM...
2019-05-06 20:58:45,299	INFO	PWM Started Successfully
2019-05-06 20:58:45,302	INFO	Feeding...
2019-05-06 20:58:49,308	INFO	Done Feeding
2019-05-06 20:58:49,310	INFO	Stopping PWM
2019-05-06 20:58:49,312	INFO	PWM Stopped
2019-05-06 20:58:49,314	INFO	Feed Completed Successfully
2019-05-06 20:58:49,316	INFO	Cleaning Up, clearing pins
2019-05-10 22:33:38,255	INFO	Feeding for 4.0 seconds
2019-05-10 22:33:38,257	INFO	Starting Motor...
2019-05-10 22:33:38,259	INFO	Motor Started Successfully
2019-05-10 22:33:38,261	INFO	Starting PWM...
2019-05-10 22:33:38,263	INFO	PWM Started Successfully
2019-05-10 22:33:38,265	INFO	Feeding...
2019-05-10 22:33:42,271	INFO	Done Feeding
2019-05-10 22:33:42,273	INFO	Stopping PWM
2019-05-10 22:33:42,275	INFO	PWM Stopped
2019-05-10 22:33:42,277	INFO	Feed Completed Successfully
2019-05-10 22:33:42,280	INFO	Cleaning Up, clearing pins
2019-05-11 09:48:58,945	INFO	Feeding for 1.0 seconds
2019-05-11 09:48:58,947	INFO	Starting Motor...
2019-05-11 09:48:58,948	INFO	Motor Started Successfully
2019-05-11 09:48:58,950	INFO	Starting PWM...
2019-05-11 09:48:58,952	INFO	PWM Started Successfully
2019-05-11 09:48:58,954	INFO	Feeding...
2019-05-11 09:48:59,957	INFO	Done Feeding
2019-05-11 09:48:59,958	INFO	Stopping PWM
2019-05-11 09:48:59,959	INFO	PWM Stopped
2019-05-11 09:48:59,961	INFO	Feed Completed Successfully
2019-05-11 09:48:59,962	INFO	Cleaning Up, clearing pins
2019-05-11 21:50:13,928	INFO	Feeding for 2.0 seconds
2019-05-11 21:50:13,931	INFO	Starting Motor...
2019-05-11 21:50:13,932	INFO	Motor Started Successfully
2019-05-11 21:50:13,934	INFO	Starting PWM...
2019-05-11 21:50:13,935	INFO	PWM Started Successfully
2019-05-11 21:50:13,937	INFO	Feeding...
2019-05-11 21:50:15,940	INFO	Done Feeding
2019-05-11 21:50:15,942	INFO	Stopping PWM
2019-05-11 21:50:15,943	INFO	PWM Stopped
2019-05-11 21:50:15,945	INFO	Feed Completed Successfully
2019-05-11 21:50:15,946	INFO	Cleaning Up, clearing pins
2019-05-12 11:00:08,271	INFO	Feeding for 1.0 seconds
2019-05-12 11:00:08,273	INFO	Starting Motor...
2019-05-12 11:00:08,275	INFO	Motor Started Successfully
2019-05-12 11:00:08,277	INFO	Starting PWM...
2019-05-12 11:00:08,280	INFO	PWM Started Successfully
2019-05-12 11:00:08,282	INFO	Feeding...
2019-05-12 11:00:09,285	INFO	Done Feeding
2019-05-12 11:00:09,287	INFO	Stopping PWM
2019-05-12 11:00:09,289	INFO	PWM Stopped
2019-05-12 11:00:09,291	INFO	Feed Completed Successfully
2019-05-12 11:00:09,292	INFO	Cleaning Up, clearing pins
2019-05-15 21:47:50,217	INFO	Feeding for 4.0 seconds
2019-05-15 21:47:50,219	INFO	Starting Motor...
2019-05-15 21:47:50,220	INFO	Motor Started Successfully
2019-05-15 21:47:50,222	INFO	Starting PWM...
2019-05-15 21:47:50,224	INFO	PWM Started Successfully
2019-05-15 21:47:50,226	INFO	Feeding...
2019-05-15 21:47:54,230	INFO	Done Feeding
2019-05-15 21:47:54,232	INFO	Stopping PWM
2019-05-15 21:47:54,233	INFO	PWM Stopped
2019-05-15 21:47:54,235	INFO	Feed Completed Successfully
2019-05-15 21:47:54,237	INFO	Cleaning Up, clearing pins
2019-05-16 21:07:18,835	INFO	Feeding for 4.0 seconds
2019-05-16 21:07:18,837	INFO	Starting Motor...
2019-05-16 21:07:18,838	INFO	Motor Started Successfully
2019-05-16 21:07:18,840	INFO	Starting PWM...
2019-05-16 21:07:18,842	INFO	PWM Started Successfully
2019-05-16 21:07:18,843	INFO	Feeding...
2019-05-16 21:07:22,848	INFO	Done Feeding
2019-05-16 21:07:22,850	INFO	Stopping PWM
2019-05-16 21:07:22,851	INFO	PWM Stopped
2019-05-16 21:07:22,852	INFO	Feed Completed Successfully
2019-05-16 21:07:22,853	INFO	Cleaning Up, clearing pins
2019-05-18 22:33:17,267	INFO	Feeding for 3.0 seconds
2019-05-18 22:33:17,269	INFO	Starting Motor...
2019-05-18 22:33:17,271	INFO	Motor Started Successfully
2019-05-18 22:33:17,272	INFO	Starting PWM...
2019-05-18 22:33:17,274	INFO	PWM Started Successfully
2019-05-18 22:33:17,276	INFO	Feeding...
2019-05-18 22:33:20,281	INFO	Done Feeding
2019-05-18 22:33:20,283	INFO	Stopping PWM
2019-05-18 22:33:20,285	INFO	PWM Stopped
2019-05-18 22:33:20,287	INFO	Feed Completed Successfully
2019-05-18 22:33:20,290	INFO	Cleaning Up, clearing pins
2019-05-19 21:26:49,566	INFO	Feeding for 7.0 seconds
2019-05-19 21:26:49,568	INFO	Starting Motor...
2019-05-19 21:26:49,570	INFO	Motor Started Successfully
2019-05-19 21:26:49,572	INFO	Starting PWM...
2019-05-19 21:26:49,574	INFO	PWM Started Successfully
2019-05-19 21:26:49,576	INFO	Feeding...
2019-05-19 21:26:56,585	INFO	Done Feeding
2019-05-19 21:26:56,587	INFO	Stopping PWM
2019-05-19 21:26:56,590	INFO	PWM Stopped
2019-05-19 21:26:56,592	INFO	Feed Completed Successfully
2019-05-19 21:26:56,594	INFO	Cleaning Up, clearing pins
2019-05-19 21:27:07,250	INFO	Feeding for 2.0 seconds
2019-05-19 21:27:07,252	INFO	Starting Motor...
2019-05-19 21:27:07,253	INFO	Motor Started Successfully
2019-05-19 21:27:07,255	INFO	Starting PWM...
2019-05-19 21:27:07,257	INFO	PWM Started Successfully
2019-05-19 21:27:07,259	INFO	Feeding...
2019-05-19 21:27:09,263	INFO	Done Feeding
2019-05-19 21:27:09,264	INFO	Stopping PWM
2019-05-19 21:27:09,265	INFO	PWM Stopped
2019-05-19 21:27:09,266	INFO	Feed Completed Successfully
2019-05-19 21:27:09,268	INFO	Cleaning Up, clearing pins
2019-05-20 22:01:04,408	INFO	Feeding for 4.0 seconds
2019-05-20 22:01:04,411	INFO	Starting Motor...
2019-05-20 22:01:04,413	INFO	Motor Started Successfully
2019-05-20 22:01:04,415	INFO	Starting PWM...
2019-05-20 22:01:04,417	INFO	PWM Started Successfully
2019-05-20 22:01:04,420	INFO	Feeding...
2019-05-20 22:01:08,426	INFO	Done Feeding
2019-05-20 22:01:08,427	INFO	Stopping PWM
2019-05-20 22:01:08,429	INFO	PWM Stopped
2019-05-20 22:01:08,431	INFO	Feed Completed Successfully
2019-05-20 22:01:08,432	INFO	Cleaning Up, clearing pins
2019-05-25 22:30:00,129	INFO	Feeding for 4.0 seconds
2019-05-25 22:30:00,131	INFO	Starting Motor...
2019-05-25 22:30:00,133	INFO	Motor Started Successfully
2019-05-25 22:30:00,135	INFO	Starting PWM...
2019-05-25 22:30:00,138	INFO	PWM Started Successfully
2019-05-25 22:30:00,140	INFO	Feeding...
2019-05-25 22:30:04,147	INFO	Done Feeding
2019-05-25 22:30:04,149	INFO	Stopping PWM
2019-05-25 22:30:04,151	INFO	PWM Stopped
2019-05-25 22:30:04,153	INFO	Feed Completed Successfully
2019-05-25 22:30:04,155	INFO	Cleaning Up, clearing pins
2019-05-26 00:46:09,056	INFO	Feeding for 4.0 seconds
2019-05-26 00:46:09,058	INFO	Starting Motor...
2019-05-26 00:46:09,060	INFO	Motor Started Successfully
2019-05-26 00:46:09,062	INFO	Starting PWM...
2019-05-26 00:46:09,064	INFO	PWM Started Successfully
2019-05-26 00:46:09,066	INFO	Feeding...
2019-05-26 00:46:13,072	INFO	Done Feeding
2019-05-26 00:46:13,073	INFO	Stopping PWM
2019-05-26 00:46:13,075	INFO	PWM Stopped
2019-05-26 00:46:13,077	INFO	Feed Completed Successfully
2019-05-26 00:46:13,078	INFO	Cleaning Up, clearing pins
2019-05-30 23:07:38,582	INFO	Feeding for 4.0 seconds
2019-05-30 23:07:38,584	INFO	Starting Motor...
2019-05-30 23:07:38,586	INFO	Motor Started Successfully
2019-05-30 23:07:38,587	INFO	Starting PWM...
2019-05-30 23:07:38,590	INFO	PWM Started Successfully
2019-05-30 23:07:38,591	INFO	Feeding...
2019-05-30 23:07:42,597	INFO	Done Feeding
2019-05-30 23:07:42,598	INFO	Stopping PWM
2019-05-30 23:07:42,599	INFO	PWM Stopped
2019-05-30 23:07:42,601	INFO	Feed Completed Successfully
2019-05-30 23:07:42,602	INFO	Cleaning Up, clearing pins
2019-05-31 21:38:17,938	INFO	Feeding for 4.0 seconds
2019-05-31 21:38:17,940	INFO	Starting Motor...
2019-05-31 21:38:17,942	INFO	Motor Started Successfully
2019-05-31 21:38:17,944	INFO	Starting PWM...
2019-05-31 21:38:17,946	INFO	PWM Started Successfully
2019-05-31 21:38:17,948	INFO	Feeding...
2019-05-31 21:38:21,953	INFO	Done Feeding
2019-05-31 21:38:21,955	INFO	Stopping PWM
2019-05-31 21:38:21,956	INFO	PWM Stopped
2019-05-31 21:38:21,957	INFO	Feed Completed Successfully
2019-05-31 21:38:21,958	INFO	Cleaning Up, clearing pins
2019-06-01 22:03:58,076	INFO	Feeding for 4.0 seconds
2019-06-01 22:03:58,078	INFO	Starting Motor...
2019-06-01 22:03:58,080	INFO	Motor Started Successfully
2019-06-01 22:03:58,081	INFO	Starting PWM...
2019-06-01 22:03:58,083	INFO	PWM Started Successfully
2019-06-01 22:03:58,085	INFO	Feeding...
2019-06-01 22:04:02,091	INFO	Done Feeding
2019-06-01 22:04:02,093	INFO	Stopping PWM
2019-06-01 22:04:02,095	INFO	PWM Stopped
2019-06-01 22:04:02,096	INFO	Feed Completed Successfully
2019-06-01 22:04:02,098	INFO	Cleaning Up, clearing pins
2019-06-03 21:11:23,700	INFO	Feeding for 4.0 seconds
2019-06-03 21:11:23,703	INFO	Starting Motor...
2019-06-03 21:11:23,705	INFO	Motor Started Successfully
2019-06-03 21:11:23,707	INFO	Starting PWM...
2019-06-03 21:11:23,710	INFO	PWM Started Successfully
2019-06-03 21:11:23,713	INFO	Feeding...
2019-06-03 21:11:27,719	INFO	Done Feeding
2019-06-03 21:11:27,721	INFO	Stopping PWM
2019-06-03 21:11:27,722	INFO	PWM Stopped
2019-06-03 21:11:27,724	INFO	Feed Completed Successfully
2019-06-03 21:11:27,725	INFO	Cleaning Up, clearing pins
2019-06-05 06:10:06,681	INFO	Feeding for 4.0 seconds
2019-06-05 06:10:06,684	INFO	Starting Motor...
2019-06-05 06:10:06,686	INFO	Motor Started Successfully
2019-06-05 06:10:06,688	INFO	Starting PWM...
2019-06-05 06:10:06,691	INFO	PWM Started Successfully
2019-06-05 06:10:06,693	INFO	Feeding...
2019-06-05 06:10:10,702	INFO	Done Feeding
2019-06-05 06:10:10,704	INFO	Stopping PWM
2019-06-05 06:10:10,705	INFO	PWM Stopped
2019-06-05 06:10:10,707	INFO	Feed Completed Successfully
2019-06-05 06:10:10,708	INFO	Cleaning Up, clearing pins
2019-06-06 06:08:43,238	INFO	Feeding for 3.0 seconds
2019-06-06 06:08:43,240	INFO	Starting Motor...
2019-06-06 06:08:43,242	INFO	Motor Started Successfully
2019-06-06 06:08:43,243	INFO	Starting PWM...
2019-06-06 06:08:43,245	INFO	PWM Started Successfully
2019-06-06 06:08:43,247	INFO	Feeding...
2019-06-06 06:08:46,252	INFO	Done Feeding
2019-06-06 06:08:46,254	INFO	Stopping PWM
2019-06-06 06:08:46,255	INFO	PWM Stopped
2019-06-06 06:08:46,257	INFO	Feed Completed Successfully
2019-06-06 06:08:46,259	INFO	Cleaning Up, clearing pins
2019-06-07 06:08:32,978	INFO	Feeding for 3.0 seconds
2019-06-07 06:08:32,979	INFO	Starting Motor...
2019-06-07 06:08:32,981	INFO	Motor Started Successfully
2019-06-07 06:08:32,982	INFO	Starting PWM...
2019-06-07 06:08:32,983	INFO	PWM Started Successfully
2019-06-07 06:08:32,984	INFO	Feeding...
2019-06-07 06:08:35,989	INFO	Done Feeding
2019-06-07 06:08:35,991	INFO	Stopping PWM
2019-06-07 06:08:35,993	INFO	PWM Stopped
2019-06-07 06:08:35,996	INFO	Feed Completed Successfully
2019-06-07 06:08:35,998	INFO	Cleaning Up, clearing pins
2019-06-08 22:30:00,145	INFO	Feeding for 4.0 seconds
2019-06-08 22:30:00,147	INFO	Starting Motor...
2019-06-08 22:30:00,149	INFO	Motor Started Successfully
2019-06-08 22:30:00,150	INFO	Starting PWM...
2019-06-08 22:30:00,153	INFO	PWM Started Successfully
2019-06-08 22:30:00,154	INFO	Feeding...
2019-06-08 22:30:04,160	INFO	Done Feeding
2019-06-08 22:30:04,162	INFO	Stopping PWM
2019-06-08 22:30:04,164	INFO	PWM Stopped
2019-06-08 22:30:04,165	INFO	Feed Completed Successfully
2019-06-08 22:30:04,167	INFO	Cleaning Up, clearing pins
2019-06-08 23:28:05,091	INFO	Feeding for 4.0 seconds
2019-06-08 23:28:05,093	INFO	Starting Motor...
2019-06-08 23:28:05,095	INFO	Motor Started Successfully
2019-06-08 23:28:05,096	INFO	Starting PWM...
2019-06-08 23:28:05,098	INFO	PWM Started Successfully
2019-06-08 23:28:05,099	INFO	Feeding...
2019-06-08 23:28:09,105	INFO	Done Feeding
2019-06-08 23:28:09,106	INFO	Stopping PWM
2019-06-08 23:28:09,108	INFO	PWM Stopped
2019-06-08 23:28:09,109	INFO	Feed Completed Successfully
2019-06-08 23:28:09,111	INFO	Cleaning Up, clearing pins
2019-06-11 22:10:45,291	INFO	Feeding for 3.0 seconds
2019-06-11 22:10:45,293	INFO	Starting Motor...
2019-06-11 22:10:45,294	INFO	Motor Started Successfully
2019-06-11 22:10:45,296	INFO	Starting PWM...
2019-06-11 22:10:45,297	INFO	PWM Started Successfully
2019-06-11 22:10:45,299	INFO	Feeding...
2019-06-11 22:10:48,304	INFO	Done Feeding
2019-06-11 22:10:48,305	INFO	Stopping PWM
2019-06-11 22:10:48,307	INFO	PWM Stopped
2019-06-11 22:10:48,308	INFO	Feed Completed Successfully
2019-06-11 22:10:48,309	INFO	Cleaning Up, clearing pins
